{"__type":"$$EventMessageAudit","id":"6d38f590-4b94-47a8-afe5-1fad46ca1866","ts":"2026-04-08T07:22:09.921+00:00","eventName":"n8n.audit.workflow.activated","message":"n8n.audit.workflow.activated","payload":{"userId":"c3fbd19f-321c-46eb-868d-7c86f2ecf09e","_email":"ivan.duque@imagineapps.co","_firstName":"Ivan","_lastName":"Duque","globalRole":"global:owner","workflowId":"6kNka3VEj4uSHtPA","workflowName":"challenge_1","activeVersionId":"169689c0-7b4a-4a58-8115-9b7a39c9ddf2"}}
{"__type":"$$EventMessageConfirm","confirm":"6d38f590-4b94-47a8-afe5-1fad46ca1866","ts":"2026-04-08T07:22:09.922+00:00","source":{"id":"0","name":"eventBus"}}
{"__type":"$$EventMessageWorkflow","id":"c4712963-f622-4a36-9007-06230218a8bf","ts":"2026-04-08T07:22:15.117+00:00","eventName":"n8n.workflow.started","message":"n8n.workflow.started","payload":{"executionId":"89","workflowId":"6kNka3VEj4uSHtPA","isManual":false,"mode":"trigger","workflowName":"challenge_1"}}
{"__type":"$$EventMessageConfirm","confirm":"c4712963-f622-4a36-9007-06230218a8bf","ts":"2026-04-08T07:22:15.117+00:00","source":{"id":"0","name":"eventBus"}}
{"__type":"$$EventMessageAudit","id":"1c61b3bc-148b-4bab-8580-e0ade2a28a21","ts":"2026-04-08T07:22:15.118+00:00","eventName":"n8n.audit.workflow.executed","message":"n8n.audit.workflow.executed","payload":{"workflowId":"6kNka3VEj4uSHtPA","workflowName":"challenge_1","executionId":"89","source":"trigger"}}
{"__type":"$$EventMessageConfirm","confirm":"1c61b3bc-148b-4bab-8580-e0ade2a28a21","ts":"2026-04-08T07:22:15.118+00:00","source":{"id":"0","name":"eventBus"}}
{"__type":"$$EventMessageNode","id":"085750a3-f45b-4525-887b-001eab466d7d","ts":"2026-04-08T07:22:15.118+00:00","eventName":"n8n.node.started","message":"n8n.node.started","payload":{"workflowId":"6kNka3VEj4uSHtPA","workflowName":"challenge_1","executionId":"89","nodeType":"n8n-nodes-base.postgresTrigger","nodeName":"Postgres Trigger","nodeId":"f75f3f76-7c21-402b-a43b-5a879b710dfe"}}
{"__type":"$$EventMessageConfirm","confirm":"085750a3-f45b-4525-887b-001eab466d7d","ts":"2026-04-08T07:22:15.119+00:00","source":{"id":"0","name":"eventBus"}}
{"__type":"$$EventMessageNode","id":"97c63d39-79bb-4eeb-926f-5fb0b8ae4608","ts":"2026-04-08T07:22:15.121+00:00","eventName":"n8n.node.finished","message":"n8n.node.finished","payload":{"workflowId":"6kNka3VEj4uSHtPA","workflowName":"challenge_1","executionId":"89","nodeType":"n8n-nodes-base.postgresTrigger","nodeName":"Postgres Trigger","nodeId":"f75f3f76-7c21-402b-a43b-5a879b710dfe"}}
{"__type":"$$EventMessageConfirm","confirm":"97c63d39-79bb-4eeb-926f-5fb0b8ae4608","ts":"2026-04-08T07:22:15.121+00:00","source":{"id":"0","name":"eventBus"}}
{"__type":"$$EventMessageNode","id":"7fe80ea9-30ca-44a6-8829-4974ffb2fff4","ts":"2026-04-08T07:22:15.122+00:00","eventName":"n8n.node.started","message":"n8n.node.started","payload":{"workflowId":"6kNka3VEj4uSHtPA","workflowName":"challenge_1","executionId":"89","nodeType":"n8n-nodes-base.httpRequest","nodeName":"HTTP Request","nodeId":"03b9fc8d-2cc2-4f83-903f-122e25ab4d73"}}
{"__type":"$$EventMessageConfirm","confirm":"7fe80ea9-30ca-44a6-8829-4974ffb2fff4","ts":"2026-04-08T07:22:15.122+00:00","source":{"id":"0","name":"eventBus"}}
{"__type":"$$EventMessageNode","id":"2ac354a9-8e0a-47e2-9baa-593eb7d6e77b","ts":"2026-04-08T03:22:15.199-04:00","eventName":"n8n.node.finished","message":"n8n.node.finished","payload":{"workflowId":"6kNka3VEj4uSHtPA","workflowName":"challenge_1","executionId":"89","nodeType":"n8n-nodes-base.httpRequest","nodeName":"HTTP Request","nodeId":"03b9fc8d-2cc2-4f83-903f-122e25ab4d73"}}
{"__type":"$$EventMessageConfirm","confirm":"2ac354a9-8e0a-47e2-9baa-593eb7d6e77b","ts":"2026-04-08T03:22:15.199-04:00","source":{"id":"0","name":"eventBus"}}
{"__type":"$$EventMessageNode","id":"bf28d8ef-2212-4bf7-a48e-8a9b5979aad9","ts":"2026-04-08T03:22:15.199-04:00","eventName":"n8n.node.started","message":"n8n.node.started","payload":{"workflowId":"6kNka3VEj4uSHtPA","workflowName":"challenge_1","executionId":"89","nodeType":"n8n-nodes-base.switch","nodeName":"Switch","nodeId":"665fbcb0-6165-47cc-b5ed-3f71ce7d94c7"}}
{"__type":"$$EventMessageConfirm","confirm":"bf28d8ef-2212-4bf7-a48e-8a9b5979aad9","ts":"2026-04-08T03:22:15.199-04:00","source":{"id":"0","name":"eventBus"}}
{"__type":"$$EventMessageNode","id":"4a225e4a-18ce-4721-97e2-c1075e272c04","ts":"2026-04-08T03:22:15.208-04:00","eventName":"n8n.node.finished","message":"n8n.node.finished","payload":{"workflowId":"6kNka3VEj4uSHtPA","workflowName":"challenge_1","executionId":"89","nodeType":"n8n-nodes-base.switch","nodeName":"Switch","nodeId":"665fbcb0-6165-47cc-b5ed-3f71ce7d94c7"}}
{"__type":"$$EventMessageConfirm","confirm":"4a225e4a-18ce-4721-97e2-c1075e272c04","ts":"2026-04-08T03:22:15.208-04:00","source":{"id":"0","name":"eventBus"}}
{"__type":"$$EventMessageNode","id":"874a6638-561a-4977-9846-72749b8a45ca","ts":"2026-04-08T03:22:15.208-04:00","eventName":"n8n.node.started","message":"n8n.node.started","payload":{"workflowId":"6kNka3VEj4uSHtPA","workflowName":"challenge_1","executionId":"89","nodeType":"n8n-nodes-base.twilio","nodeName":"Send an SMS/MMS/WhatsApp message","nodeId":"669a944b-d53a-4503-87c2-c5d1ec4e3092"}}
{"__type":"$$EventMessageConfirm","confirm":"874a6638-561a-4977-9846-72749b8a45ca","ts":"2026-04-08T03:22:15.208-04:00","source":{"id":"0","name":"eventBus"}}
{"__type":"$$EventMessageNode","id":"f9b52331-e470-4b1e-a6ea-95a953e9d68a","ts":"2026-04-08T03:22:15.637-04:00","eventName":"n8n.node.finished","message":"n8n.node.finished","payload":{"workflowId":"6kNka3VEj4uSHtPA","workflowName":"challenge_1","executionId":"89","nodeType":"n8n-nodes-base.twilio","nodeName":"Send an SMS/MMS/WhatsApp message","nodeId":"669a944b-d53a-4503-87c2-c5d1ec4e3092"}}
{"__type":"$$EventMessageConfirm","confirm":"f9b52331-e470-4b1e-a6ea-95a953e9d68a","ts":"2026-04-08T03:22:15.637-04:00","source":{"id":"0","name":"eventBus"}}
{"__type":"$$EventMessageWorkflow","id":"103c54be-181b-4407-9757-3d51b5d8be53","ts":"2026-04-08T03:22:15.639-04:00","eventName":"n8n.workflow.success","message":"n8n.workflow.success","payload":{"executionId":"89","success":true,"isManual":false,"mode":"trigger","workflowId":"6kNka3VEj4uSHtPA","workflowName":"challenge_1"}}
{"__type":"$$EventMessageConfirm","confirm":"103c54be-181b-4407-9757-3d51b5d8be53","ts":"2026-04-08T03:22:15.639-04:00","source":{"id":"0","name":"eventBus"}}
