{"__type":"$$EventMessageAudit","id":"44fd8e24-d0a1-4fd4-ac92-e3ce0c50f854","ts":"2026-04-14T16:48:03.868+00:00","eventName":"n8n.audit.workflow.activated","message":"n8n.audit.workflow.activated","payload":{"userId":"c3fbd19f-321c-46eb-868d-7c86f2ecf09e","_email":"ivan.duque@imagineapps.co","_firstName":"Ivan","_lastName":"Duque","globalRole":"global:owner","workflowId":"6kNka3VEj4uSHtPA","workflowName":"challenge_1","activeVersionId":"169689c0-7b4a-4a58-8115-9b7a39c9ddf2"}}
{"__type":"$$EventMessageConfirm","confirm":"44fd8e24-d0a1-4fd4-ac92-e3ce0c50f854","ts":"2026-04-14T16:48:03.868+00:00","source":{"id":"0","name":"eventBus"}}
{"__type":"$$EventMessageAudit","id":"5a1a2a2e-70c6-4b86-b222-e01540f534b3","ts":"2026-04-14T16:48:22.724+00:00","eventName":"n8n.audit.workflow.deactivated","message":"n8n.audit.workflow.deactivated","payload":{"userId":"c3fbd19f-321c-46eb-868d-7c86f2ecf09e","_email":"ivan.duque@imagineapps.co","_firstName":"Ivan","_lastName":"Duque","globalRole":"global:owner","workflowId":"6kNka3VEj4uSHtPA","workflowName":"challenge_1","deactivatedVersionId":"169689c0-7b4a-4a58-8115-9b7a39c9ddf2"}}
{"__type":"$$EventMessageConfirm","confirm":"5a1a2a2e-70c6-4b86-b222-e01540f534b3","ts":"2026-04-14T16:48:22.724+00:00","source":{"id":"0","name":"eventBus"}}
{"__type":"$$EventMessageWorkflow","id":"525fc129-b867-44c1-be70-8e291fa9de66","ts":"2026-04-14T16:48:25.251+00:00","eventName":"n8n.workflow.started","message":"n8n.workflow.started","payload":{"executionId":"155","workflowId":"6kNka3VEj4uSHtPA","isManual":false,"mode":"manual","workflowName":"challenge_1"}}
{"__type":"$$EventMessageConfirm","confirm":"525fc129-b867-44c1-be70-8e291fa9de66","ts":"2026-04-14T16:48:25.251+00:00","source":{"id":"0","name":"eventBus"}}
{"__type":"$$EventMessageAudit","id":"32532fd8-1aee-45c9-a772-6f51c356b89b","ts":"2026-04-14T16:48:25.253+00:00","eventName":"n8n.audit.workflow.executed","message":"n8n.audit.workflow.executed","payload":{"userId":"c3fbd19f-321c-46eb-868d-7c86f2ecf09e","_email":"ivan.duque@imagineapps.co","_firstName":"Ivan","_lastName":"Duque","globalRole":"global:owner","workflowId":"6kNka3VEj4uSHtPA","workflowName":"challenge_1","executionId":"155","source":"user-manual"}}
{"__type":"$$EventMessageConfirm","confirm":"32532fd8-1aee-45c9-a772-6f51c356b89b","ts":"2026-04-14T16:48:25.253+00:00","source":{"id":"0","name":"eventBus"}}
{"__type":"$$EventMessageNode","id":"d0615854-25aa-404f-bd73-91a84f460441","ts":"2026-04-14T16:48:25.262+00:00","eventName":"n8n.node.started","message":"n8n.node.started","payload":{"workflowId":"6kNka3VEj4uSHtPA","workflowName":"challenge_1","executionId":"155","nodeType":"n8n-nodes-base.postgresTrigger","nodeName":"Postgres Trigger","nodeId":"f75f3f76-7c21-402b-a43b-5a879b710dfe"}}
{"__type":"$$EventMessageConfirm","confirm":"d0615854-25aa-404f-bd73-91a84f460441","ts":"2026-04-14T16:48:25.262+00:00","source":{"id":"0","name":"eventBus"}}
{"__type":"$$EventMessageNode","id":"9dac3de6-9775-4890-8641-66888d559535","ts":"2026-04-14T16:49:25.286+00:00","eventName":"n8n.node.finished","message":"n8n.node.finished","payload":{"workflowId":"6kNka3VEj4uSHtPA","workflowName":"challenge_1","executionId":"155","nodeType":"n8n-nodes-base.postgresTrigger","nodeName":"Postgres Trigger","nodeId":"f75f3f76-7c21-402b-a43b-5a879b710dfe"}}
{"__type":"$$EventMessageConfirm","confirm":"9dac3de6-9775-4890-8641-66888d559535","ts":"2026-04-14T16:49:25.286+00:00","source":{"id":"0","name":"eventBus"}}
{"__type":"$$EventMessageWorkflow","id":"e051c47d-1bea-430c-83bc-c9f992b528bd","ts":"2026-04-14T16:49:25.291+00:00","eventName":"n8n.workflow.failed","message":"n8n.workflow.failed","payload":{"userId":"c3fbd19f-321c-46eb-868d-7c86f2ecf09e","executionId":"155","success":false,"isManual":true,"mode":"manual","workflowId":"6kNka3VEj4uSHtPA","workflowName":"challenge_1","lastNodeExecuted":"Postgres Trigger","errorMessage":"Aborted, no data received within 30secs. This 30sec timeout is only set for \"manually triggered execution\". Active Workflows will listen indefinitely."}}
{"__type":"$$EventMessageConfirm","confirm":"e051c47d-1bea-430c-83bc-c9f992b528bd","ts":"2026-04-14T16:49:25.291+00:00","source":{"id":"0","name":"eventBus"}}
{"__type":"$$EventMessageWorkflow","id":"ef26a856-d393-4e61-86f9-fb3c2edae240","ts":"2026-04-14T16:52:00.199+00:00","eventName":"n8n.workflow.started","message":"n8n.workflow.started","payload":{"executionId":"156","workflowId":"6kNka3VEj4uSHtPA","isManual":false,"mode":"manual","workflowName":"challenge_1"}}
{"__type":"$$EventMessageConfirm","confirm":"ef26a856-d393-4e61-86f9-fb3c2edae240","ts":"2026-04-14T16:52:00.199+00:00","source":{"id":"0","name":"eventBus"}}
{"__type":"$$EventMessageAudit","id":"84c0f3b8-fb3a-4d78-83d8-98573cb3ae89","ts":"2026-04-14T16:52:00.200+00:00","eventName":"n8n.audit.workflow.executed","message":"n8n.audit.workflow.executed","payload":{"userId":"c3fbd19f-321c-46eb-868d-7c86f2ecf09e","_email":"ivan.duque@imagineapps.co","_firstName":"Ivan","_lastName":"Duque","globalRole":"global:owner","workflowId":"6kNka3VEj4uSHtPA","workflowName":"challenge_1","executionId":"156","source":"user-manual"}}
{"__type":"$$EventMessageConfirm","confirm":"84c0f3b8-fb3a-4d78-83d8-98573cb3ae89","ts":"2026-04-14T16:52:00.200+00:00","source":{"id":"0","name":"eventBus"}}
{"__type":"$$EventMessageNode","id":"23778c4d-de0d-4aad-a30f-ff5762f6049a","ts":"2026-04-14T16:52:00.209+00:00","eventName":"n8n.node.started","message":"n8n.node.started","payload":{"workflowId":"6kNka3VEj4uSHtPA","workflowName":"challenge_1","executionId":"156","nodeType":"n8n-nodes-base.postgresTrigger","nodeName":"Postgres Trigger","nodeId":"f75f3f76-7c21-402b-a43b-5a879b710dfe"}}
{"__type":"$$EventMessageConfirm","confirm":"23778c4d-de0d-4aad-a30f-ff5762f6049a","ts":"2026-04-14T16:52:00.209+00:00","source":{"id":"0","name":"eventBus"}}
{"__type":"$$EventMessageNode","id":"e9fc6d97-06b4-4f22-a488-42ba19d6cc6b","ts":"2026-04-14T16:52:05.799+00:00","eventName":"n8n.node.finished","message":"n8n.node.finished","payload":{"workflowId":"6kNka3VEj4uSHtPA","workflowName":"challenge_1","executionId":"156","nodeType":"n8n-nodes-base.postgresTrigger","nodeName":"Postgres Trigger","nodeId":"f75f3f76-7c21-402b-a43b-5a879b710dfe"}}
{"__type":"$$EventMessageConfirm","confirm":"e9fc6d97-06b4-4f22-a488-42ba19d6cc6b","ts":"2026-04-14T16:52:05.799+00:00","source":{"id":"0","name":"eventBus"}}
{"__type":"$$EventMessageWorkflow","id":"b37171b1-1374-4e3e-b6b8-4bb19b8576a5","ts":"2026-04-14T16:52:05.802+00:00","eventName":"n8n.workflow.success","message":"n8n.workflow.success","payload":{"userId":"c3fbd19f-321c-46eb-868d-7c86f2ecf09e","executionId":"156","success":true,"isManual":true,"mode":"manual","workflowId":"6kNka3VEj4uSHtPA","workflowName":"challenge_1"}}
{"__type":"$$EventMessageConfirm","confirm":"b37171b1-1374-4e3e-b6b8-4bb19b8576a5","ts":"2026-04-14T16:52:05.802+00:00","source":{"id":"0","name":"eventBus"}}
{"__type":"$$EventMessageWorkflow","id":"5950979b-9c43-43aa-afd7-c86a272074a9","ts":"2026-04-14T16:54:30.870+00:00","eventName":"n8n.workflow.started","message":"n8n.workflow.started","payload":{"executionId":"157","workflowId":"6kNka3VEj4uSHtPA","isManual":false,"mode":"manual","workflowName":"challenge_1"}}
{"__type":"$$EventMessageConfirm","confirm":"5950979b-9c43-43aa-afd7-c86a272074a9","ts":"2026-04-14T16:54:30.870+00:00","source":{"id":"0","name":"eventBus"}}
{"__type":"$$EventMessageAudit","id":"98c4e551-39ba-4782-a60e-44972385b53f","ts":"2026-04-14T16:54:30.871+00:00","eventName":"n8n.audit.workflow.executed","message":"n8n.audit.workflow.executed","payload":{"userId":"c3fbd19f-321c-46eb-868d-7c86f2ecf09e","_email":"ivan.duque@imagineapps.co","_firstName":"Ivan","_lastName":"Duque","globalRole":"global:owner","workflowId":"6kNka3VEj4uSHtPA","workflowName":"challenge_1","executionId":"157","source":"user-manual"}}
{"__type":"$$EventMessageConfirm","confirm":"98c4e551-39ba-4782-a60e-44972385b53f","ts":"2026-04-14T16:54:30.871+00:00","source":{"id":"0","name":"eventBus"}}
{"__type":"$$EventMessageNode","id":"012723a9-d68a-4ac2-b8e2-0b817ceb288e","ts":"2026-04-14T16:54:30.880+00:00","eventName":"n8n.node.started","message":"n8n.node.started","payload":{"workflowId":"6kNka3VEj4uSHtPA","workflowName":"challenge_1","executionId":"157","nodeType":"n8n-nodes-base.postgresTrigger","nodeName":"Postgres Trigger","nodeId":"f75f3f76-7c21-402b-a43b-5a879b710dfe"}}
{"__type":"$$EventMessageConfirm","confirm":"012723a9-d68a-4ac2-b8e2-0b817ceb288e","ts":"2026-04-14T16:54:30.880+00:00","source":{"id":"0","name":"eventBus"}}
{"__type":"$$EventMessageNode","id":"81ac0240-d83e-45ea-8bf4-c9f65749612a","ts":"2026-04-14T16:55:30.900+00:00","eventName":"n8n.node.finished","message":"n8n.node.finished","payload":{"workflowId":"6kNka3VEj4uSHtPA","workflowName":"challenge_1","executionId":"157","nodeType":"n8n-nodes-base.postgresTrigger","nodeName":"Postgres Trigger","nodeId":"f75f3f76-7c21-402b-a43b-5a879b710dfe"}}
{"__type":"$$EventMessageConfirm","confirm":"81ac0240-d83e-45ea-8bf4-c9f65749612a","ts":"2026-04-14T16:55:30.900+00:00","source":{"id":"0","name":"eventBus"}}
{"__type":"$$EventMessageWorkflow","id":"40fe1434-b846-459a-96cf-9a501d2cc58e","ts":"2026-04-14T16:55:30.902+00:00","eventName":"n8n.workflow.failed","message":"n8n.workflow.failed","payload":{"userId":"c3fbd19f-321c-46eb-868d-7c86f2ecf09e","executionId":"157","success":false,"isManual":true,"mode":"manual","workflowId":"6kNka3VEj4uSHtPA","workflowName":"challenge_1","lastNodeExecuted":"Postgres Trigger","errorMessage":"Aborted, no data received within 30secs. This 30sec timeout is only set for \"manually triggered execution\". Active Workflows will listen indefinitely."}}
{"__type":"$$EventMessageConfirm","confirm":"40fe1434-b846-459a-96cf-9a501d2cc58e","ts":"2026-04-14T16:55:30.902+00:00","source":{"id":"0","name":"eventBus"}}
{"__type":"$$EventMessageWorkflow","id":"74166317-ebd6-42e4-9f36-3a2933f1fd0a","ts":"2026-04-14T16:56:23.338+00:00","eventName":"n8n.workflow.started","message":"n8n.workflow.started","payload":{"executionId":"158","workflowId":"6kNka3VEj4uSHtPA","isManual":false,"mode":"manual","workflowName":"challenge_1"}}
{"__type":"$$EventMessageConfirm","confirm":"74166317-ebd6-42e4-9f36-3a2933f1fd0a","ts":"2026-04-14T16:56:23.339+00:00","source":{"id":"0","name":"eventBus"}}
{"__type":"$$EventMessageAudit","id":"e0893dba-3428-4b77-bf5a-043fe8ffd657","ts":"2026-04-14T16:56:23.339+00:00","eventName":"n8n.audit.workflow.executed","message":"n8n.audit.workflow.executed","payload":{"userId":"c3fbd19f-321c-46eb-868d-7c86f2ecf09e","_email":"ivan.duque@imagineapps.co","_firstName":"Ivan","_lastName":"Duque","globalRole":"global:owner","workflowId":"6kNka3VEj4uSHtPA","workflowName":"challenge_1","executionId":"158","source":"user-manual"}}
{"__type":"$$EventMessageConfirm","confirm":"e0893dba-3428-4b77-bf5a-043fe8ffd657","ts":"2026-04-14T16:56:23.339+00:00","source":{"id":"0","name":"eventBus"}}
{"__type":"$$EventMessageNode","id":"4428e098-71f0-4ee0-954c-da5cd0d9c9b8","ts":"2026-04-14T16:56:23.348+00:00","eventName":"n8n.node.started","message":"n8n.node.started","payload":{"workflowId":"6kNka3VEj4uSHtPA","workflowName":"challenge_1","executionId":"158","nodeType":"n8n-nodes-base.postgresTrigger","nodeName":"Postgres Trigger","nodeId":"f75f3f76-7c21-402b-a43b-5a879b710dfe"}}
{"__type":"$$EventMessageConfirm","confirm":"4428e098-71f0-4ee0-954c-da5cd0d9c9b8","ts":"2026-04-14T16:56:23.348+00:00","source":{"id":"0","name":"eventBus"}}
{"__type":"$$EventMessageNode","id":"ac5b9d2c-e9ed-4089-9287-35f265335a8e","ts":"2026-04-14T16:56:27.261+00:00","eventName":"n8n.node.finished","message":"n8n.node.finished","payload":{"workflowId":"6kNka3VEj4uSHtPA","workflowName":"challenge_1","executionId":"158","nodeType":"n8n-nodes-base.postgresTrigger","nodeName":"Postgres Trigger","nodeId":"f75f3f76-7c21-402b-a43b-5a879b710dfe"}}
{"__type":"$$EventMessageConfirm","confirm":"ac5b9d2c-e9ed-4089-9287-35f265335a8e","ts":"2026-04-14T16:56:27.261+00:00","source":{"id":"0","name":"eventBus"}}
{"__type":"$$EventMessageWorkflow","id":"2b6307dc-9dd8-4c9d-87ba-77e4199a15e3","ts":"2026-04-14T16:56:27.265+00:00","eventName":"n8n.workflow.success","message":"n8n.workflow.success","payload":{"userId":"c3fbd19f-321c-46eb-868d-7c86f2ecf09e","executionId":"158","success":true,"isManual":true,"mode":"manual","workflowId":"6kNka3VEj4uSHtPA","workflowName":"challenge_1"}}
{"__type":"$$EventMessageConfirm","confirm":"2b6307dc-9dd8-4c9d-87ba-77e4199a15e3","ts":"2026-04-14T16:56:27.265+00:00","source":{"id":"0","name":"eventBus"}}
{"__type":"$$EventMessageWorkflow","id":"7bbeaeb3-fe46-4ffc-825b-d4fe24d6b2db","ts":"2026-04-14T17:06:29.459+00:00","eventName":"n8n.workflow.started","message":"n8n.workflow.started","payload":{"executionId":"159","workflowId":"6kNka3VEj4uSHtPA","isManual":false,"mode":"manual","workflowName":"challenge_1"}}
{"__type":"$$EventMessageConfirm","confirm":"7bbeaeb3-fe46-4ffc-825b-d4fe24d6b2db","ts":"2026-04-14T17:06:29.460+00:00","source":{"id":"0","name":"eventBus"}}
{"__type":"$$EventMessageAudit","id":"a7cc9163-f25c-44d4-8750-a39df2852c47","ts":"2026-04-14T17:06:29.461+00:00","eventName":"n8n.audit.workflow.executed","message":"n8n.audit.workflow.executed","payload":{"userId":"c3fbd19f-321c-46eb-868d-7c86f2ecf09e","_email":"ivan.duque@imagineapps.co","_firstName":"Ivan","_lastName":"Duque","globalRole":"global:owner","workflowId":"6kNka3VEj4uSHtPA","workflowName":"challenge_1","executionId":"159","source":"user-manual"}}
{"__type":"$$EventMessageConfirm","confirm":"a7cc9163-f25c-44d4-8750-a39df2852c47","ts":"2026-04-14T17:06:29.461+00:00","source":{"id":"0","name":"eventBus"}}
{"__type":"$$EventMessageNode","id":"b69e9a93-800a-4370-a875-16f1435888d7","ts":"2026-04-14T17:06:29.473+00:00","eventName":"n8n.node.started","message":"n8n.node.started","payload":{"workflowId":"6kNka3VEj4uSHtPA","workflowName":"challenge_1","executionId":"159","nodeType":"n8n-nodes-base.postgresTrigger","nodeName":"Postgres Trigger","nodeId":"f75f3f76-7c21-402b-a43b-5a879b710dfe"}}
{"__type":"$$EventMessageConfirm","confirm":"b69e9a93-800a-4370-a875-16f1435888d7","ts":"2026-04-14T17:06:29.473+00:00","source":{"id":"0","name":"eventBus"}}
{"__type":"$$EventMessageNode","id":"45a4320d-8252-43af-852c-d6e95cb224b6","ts":"2026-04-14T17:06:32.966+00:00","eventName":"n8n.node.finished","message":"n8n.node.finished","payload":{"workflowId":"6kNka3VEj4uSHtPA","workflowName":"challenge_1","executionId":"159","nodeType":"n8n-nodes-base.postgresTrigger","nodeName":"Postgres Trigger","nodeId":"f75f3f76-7c21-402b-a43b-5a879b710dfe"}}
{"__type":"$$EventMessageConfirm","confirm":"45a4320d-8252-43af-852c-d6e95cb224b6","ts":"2026-04-14T17:06:32.966+00:00","source":{"id":"0","name":"eventBus"}}
{"__type":"$$EventMessageWorkflow","id":"e9b189b7-41b7-4cbd-910e-4c6c295d8137","ts":"2026-04-14T17:06:32.970+00:00","eventName":"n8n.workflow.success","message":"n8n.workflow.success","payload":{"userId":"c3fbd19f-321c-46eb-868d-7c86f2ecf09e","executionId":"159","success":true,"isManual":true,"mode":"manual","workflowId":"6kNka3VEj4uSHtPA","workflowName":"challenge_1"}}
{"__type":"$$EventMessageConfirm","confirm":"e9b189b7-41b7-4cbd-910e-4c6c295d8137","ts":"2026-04-14T17:06:32.970+00:00","source":{"id":"0","name":"eventBus"}}
{"__type":"$$EventMessageAudit","id":"129c462f-a1bf-477e-ab06-757d8f2cfd6e","ts":"2026-04-14T17:07:03.537+00:00","eventName":"n8n.audit.workflow.updated","message":"n8n.audit.workflow.updated","payload":{"userId":"c3fbd19f-321c-46eb-868d-7c86f2ecf09e","_email":"ivan.duque@imagineapps.co","_firstName":"Ivan","_lastName":"Duque","globalRole":"global:owner","workflowId":"6kNka3VEj4uSHtPA","workflowName":"challenge_1"}}
{"__type":"$$EventMessageConfirm","confirm":"129c462f-a1bf-477e-ab06-757d8f2cfd6e","ts":"2026-04-14T17:07:03.537+00:00","source":{"id":"0","name":"eventBus"}}
{"__type":"$$EventMessageAudit","id":"20322581-78d0-419c-b808-703f4d3dcd46","ts":"2026-04-14T17:07:45.727+00:00","eventName":"n8n.audit.workflow.updated","message":"n8n.audit.workflow.updated","payload":{"userId":"c3fbd19f-321c-46eb-868d-7c86f2ecf09e","_email":"ivan.duque@imagineapps.co","_firstName":"Ivan","_lastName":"Duque","globalRole":"global:owner","workflowId":"6kNka3VEj4uSHtPA","workflowName":"challenge_1"}}
{"__type":"$$EventMessageConfirm","confirm":"20322581-78d0-419c-b808-703f4d3dcd46","ts":"2026-04-14T17:07:45.727+00:00","source":{"id":"0","name":"eventBus"}}
{"__type":"$$EventMessageAudit","id":"f2c20984-f8e9-49b1-ba42-d69198e3e8ba","ts":"2026-04-14T17:07:53.559+00:00","eventName":"n8n.audit.workflow.updated","message":"n8n.audit.workflow.updated","payload":{"userId":"c3fbd19f-321c-46eb-868d-7c86f2ecf09e","_email":"ivan.duque@imagineapps.co","_firstName":"Ivan","_lastName":"Duque","globalRole":"global:owner","workflowId":"6kNka3VEj4uSHtPA","workflowName":"challenge_1"}}
{"__type":"$$EventMessageConfirm","confirm":"f2c20984-f8e9-49b1-ba42-d69198e3e8ba","ts":"2026-04-14T17:07:53.559+00:00","source":{"id":"0","name":"eventBus"}}
{"__type":"$$EventMessageAudit","id":"fcfcab54-6b01-45fc-aac8-909af3d97d37","ts":"2026-04-14T17:07:55.136+00:00","eventName":"n8n.audit.workflow.updated","message":"n8n.audit.workflow.updated","payload":{"userId":"c3fbd19f-321c-46eb-868d-7c86f2ecf09e","_email":"ivan.duque@imagineapps.co","_firstName":"Ivan","_lastName":"Duque","globalRole":"global:owner","workflowId":"6kNka3VEj4uSHtPA","workflowName":"challenge_1"}}
{"__type":"$$EventMessageConfirm","confirm":"fcfcab54-6b01-45fc-aac8-909af3d97d37","ts":"2026-04-14T17:07:55.137+00:00","source":{"id":"0","name":"eventBus"}}
{"__type":"$$EventMessageAudit","id":"89b72adc-98cd-4684-b3d2-a264d044c3e4","ts":"2026-04-14T17:07:58.738+00:00","eventName":"n8n.audit.workflow.updated","message":"n8n.audit.workflow.updated","payload":{"userId":"c3fbd19f-321c-46eb-868d-7c86f2ecf09e","_email":"ivan.duque@imagineapps.co","_firstName":"Ivan","_lastName":"Duque","globalRole":"global:owner","workflowId":"6kNka3VEj4uSHtPA","workflowName":"challenge_1"}}
{"__type":"$$EventMessageConfirm","confirm":"89b72adc-98cd-4684-b3d2-a264d044c3e4","ts":"2026-04-14T17:07:58.738+00:00","source":{"id":"0","name":"eventBus"}}
{"__type":"$$EventMessageAudit","id":"08ca36ba-950d-4c2b-9e9b-32d1d10158c3","ts":"2026-04-14T17:08:06.550+00:00","eventName":"n8n.audit.workflow.updated","message":"n8n.audit.workflow.updated","payload":{"userId":"c3fbd19f-321c-46eb-868d-7c86f2ecf09e","_email":"ivan.duque@imagineapps.co","_firstName":"Ivan","_lastName":"Duque","globalRole":"global:owner","workflowId":"6kNka3VEj4uSHtPA","workflowName":"challenge_1"}}
{"__type":"$$EventMessageConfirm","confirm":"08ca36ba-950d-4c2b-9e9b-32d1d10158c3","ts":"2026-04-14T17:08:06.550+00:00","source":{"id":"0","name":"eventBus"}}
{"__type":"$$EventMessageAudit","id":"fb36f5fc-5684-4bcd-abd2-416474725c25","ts":"2026-04-14T17:08:09.696+00:00","eventName":"n8n.audit.workflow.updated","message":"n8n.audit.workflow.updated","payload":{"userId":"c3fbd19f-321c-46eb-868d-7c86f2ecf09e","_email":"ivan.duque@imagineapps.co","_firstName":"Ivan","_lastName":"Duque","globalRole":"global:owner","workflowId":"6kNka3VEj4uSHtPA","workflowName":"challenge_1"}}
{"__type":"$$EventMessageConfirm","confirm":"fb36f5fc-5684-4bcd-abd2-416474725c25","ts":"2026-04-14T17:08:09.696+00:00","source":{"id":"0","name":"eventBus"}}
{"__type":"$$EventMessageAudit","id":"1776ccca-d268-4716-8787-28fd5dbdee07","ts":"2026-04-14T17:08:11.814+00:00","eventName":"n8n.audit.workflow.updated","message":"n8n.audit.workflow.updated","payload":{"userId":"c3fbd19f-321c-46eb-868d-7c86f2ecf09e","_email":"ivan.duque@imagineapps.co","_firstName":"Ivan","_lastName":"Duque","globalRole":"global:owner","workflowId":"6kNka3VEj4uSHtPA","workflowName":"challenge_1"}}
{"__type":"$$EventMessageConfirm","confirm":"1776ccca-d268-4716-8787-28fd5dbdee07","ts":"2026-04-14T17:08:11.814+00:00","source":{"id":"0","name":"eventBus"}}
{"__type":"$$EventMessageAudit","id":"c9f6ccba-56a9-4c3a-a31c-c6c4936aee6f","ts":"2026-04-14T17:08:15.917+00:00","eventName":"n8n.audit.workflow.updated","message":"n8n.audit.workflow.updated","payload":{"userId":"c3fbd19f-321c-46eb-868d-7c86f2ecf09e","_email":"ivan.duque@imagineapps.co","_firstName":"Ivan","_lastName":"Duque","globalRole":"global:owner","workflowId":"6kNka3VEj4uSHtPA","workflowName":"challenge_1"}}
{"__type":"$$EventMessageConfirm","confirm":"c9f6ccba-56a9-4c3a-a31c-c6c4936aee6f","ts":"2026-04-14T17:08:15.917+00:00","source":{"id":"0","name":"eventBus"}}
{"__type":"$$EventMessageAudit","id":"6721b9e8-ddf2-4724-90be-70e66251f6c7","ts":"2026-04-14T17:08:23.330+00:00","eventName":"n8n.audit.workflow.updated","message":"n8n.audit.workflow.updated","payload":{"userId":"c3fbd19f-321c-46eb-868d-7c86f2ecf09e","_email":"ivan.duque@imagineapps.co","_firstName":"Ivan","_lastName":"Duque","globalRole":"global:owner","workflowId":"6kNka3VEj4uSHtPA","workflowName":"challenge_1"}}
{"__type":"$$EventMessageConfirm","confirm":"6721b9e8-ddf2-4724-90be-70e66251f6c7","ts":"2026-04-14T17:08:23.330+00:00","source":{"id":"0","name":"eventBus"}}
{"__type":"$$EventMessageAudit","id":"49d2e5b1-04b8-4127-8bea-416f7005ac69","ts":"2026-04-14T17:09:08.831+00:00","eventName":"n8n.audit.workflow.updated","message":"n8n.audit.workflow.updated","payload":{"userId":"c3fbd19f-321c-46eb-868d-7c86f2ecf09e","_email":"ivan.duque@imagineapps.co","_firstName":"Ivan","_lastName":"Duque","globalRole":"global:owner","workflowId":"6kNka3VEj4uSHtPA","workflowName":"challenge_1"}}
{"__type":"$$EventMessageConfirm","confirm":"49d2e5b1-04b8-4127-8bea-416f7005ac69","ts":"2026-04-14T17:09:08.831+00:00","source":{"id":"0","name":"eventBus"}}
{"__type":"$$EventMessageAudit","id":"be86b2d8-8bce-45ef-bcf9-a57f1bef3c0b","ts":"2026-04-14T17:10:48.105+00:00","eventName":"n8n.audit.workflow.updated","message":"n8n.audit.workflow.updated","payload":{"userId":"c3fbd19f-321c-46eb-868d-7c86f2ecf09e","_email":"ivan.duque@imagineapps.co","_firstName":"Ivan","_lastName":"Duque","globalRole":"global:owner","workflowId":"6kNka3VEj4uSHtPA","workflowName":"challenge_1"}}
{"__type":"$$EventMessageConfirm","confirm":"be86b2d8-8bce-45ef-bcf9-a57f1bef3c0b","ts":"2026-04-14T17:10:48.105+00:00","source":{"id":"0","name":"eventBus"}}
{"__type":"$$EventMessageAudit","id":"2417d2f0-a77e-41c8-b67e-5640e8e4c2e5","ts":"2026-04-14T17:11:00.640+00:00","eventName":"n8n.audit.workflow.updated","message":"n8n.audit.workflow.updated","payload":{"userId":"c3fbd19f-321c-46eb-868d-7c86f2ecf09e","_email":"ivan.duque@imagineapps.co","_firstName":"Ivan","_lastName":"Duque","globalRole":"global:owner","workflowId":"6kNka3VEj4uSHtPA","workflowName":"challenge_1"}}
{"__type":"$$EventMessageConfirm","confirm":"2417d2f0-a77e-41c8-b67e-5640e8e4c2e5","ts":"2026-04-14T17:11:00.640+00:00","source":{"id":"0","name":"eventBus"}}
{"__type":"$$EventMessageAudit","id":"9e9807a3-ed1d-4cff-abcb-147bfda6c9bb","ts":"2026-04-14T17:11:02.617+00:00","eventName":"n8n.audit.workflow.updated","message":"n8n.audit.workflow.updated","payload":{"userId":"c3fbd19f-321c-46eb-868d-7c86f2ecf09e","_email":"ivan.duque@imagineapps.co","_firstName":"Ivan","_lastName":"Duque","globalRole":"global:owner","workflowId":"6kNka3VEj4uSHtPA","workflowName":"challenge_1"}}
{"__type":"$$EventMessageConfirm","confirm":"9e9807a3-ed1d-4cff-abcb-147bfda6c9bb","ts":"2026-04-14T17:11:02.617+00:00","source":{"id":"0","name":"eventBus"}}
{"__type":"$$EventMessageAudit","id":"49fa082d-330f-4c3c-875b-80132a82551d","ts":"2026-04-14T17:11:08.071+00:00","eventName":"n8n.audit.workflow.updated","message":"n8n.audit.workflow.updated","payload":{"userId":"c3fbd19f-321c-46eb-868d-7c86f2ecf09e","_email":"ivan.duque@imagineapps.co","_firstName":"Ivan","_lastName":"Duque","globalRole":"global:owner","workflowId":"6kNka3VEj4uSHtPA","workflowName":"challenge_1"}}
{"__type":"$$EventMessageConfirm","confirm":"49fa082d-330f-4c3c-875b-80132a82551d","ts":"2026-04-14T17:11:08.071+00:00","source":{"id":"0","name":"eventBus"}}
{"__type":"$$EventMessageAudit","id":"194913f6-5fad-4ed3-8426-f939100ac8ff","ts":"2026-04-14T17:11:33.486+00:00","eventName":"n8n.audit.workflow.updated","message":"n8n.audit.workflow.updated","payload":{"userId":"c3fbd19f-321c-46eb-868d-7c86f2ecf09e","_email":"ivan.duque@imagineapps.co","_firstName":"Ivan","_lastName":"Duque","globalRole":"global:owner","workflowId":"6kNka3VEj4uSHtPA","workflowName":"challenge_1"}}
{"__type":"$$EventMessageConfirm","confirm":"194913f6-5fad-4ed3-8426-f939100ac8ff","ts":"2026-04-14T17:11:33.486+00:00","source":{"id":"0","name":"eventBus"}}
{"__type":"$$EventMessageAudit","id":"988c2f28-2879-47a9-9f60-d646266bad55","ts":"2026-04-14T17:11:43.503+00:00","eventName":"n8n.audit.workflow.updated","message":"n8n.audit.workflow.updated","payload":{"userId":"c3fbd19f-321c-46eb-868d-7c86f2ecf09e","_email":"ivan.duque@imagineapps.co","_firstName":"Ivan","_lastName":"Duque","globalRole":"global:owner","workflowId":"6kNka3VEj4uSHtPA","workflowName":"challenge_1"}}
{"__type":"$$EventMessageConfirm","confirm":"988c2f28-2879-47a9-9f60-d646266bad55","ts":"2026-04-14T17:11:43.503+00:00","source":{"id":"0","name":"eventBus"}}
{"__type":"$$EventMessageWorkflow","id":"7d372a49-7724-4a8a-a82d-3ddb533ccb9e","ts":"2026-04-14T17:16:02.916+00:00","eventName":"n8n.workflow.started","message":"n8n.workflow.started","payload":{"executionId":"160","workflowId":"6kNka3VEj4uSHtPA","isManual":false,"mode":"manual","workflowName":"challenge_1"}}
{"__type":"$$EventMessageConfirm","confirm":"7d372a49-7724-4a8a-a82d-3ddb533ccb9e","ts":"2026-04-14T17:16:02.916+00:00","source":{"id":"0","name":"eventBus"}}
{"__type":"$$EventMessageAudit","id":"b1f7bbed-a62e-4b73-adf2-49e22b37af29","ts":"2026-04-14T17:16:02.916+00:00","eventName":"n8n.audit.workflow.executed","message":"n8n.audit.workflow.executed","payload":{"userId":"c3fbd19f-321c-46eb-868d-7c86f2ecf09e","_email":"ivan.duque@imagineapps.co","_firstName":"Ivan","_lastName":"Duque","globalRole":"global:owner","workflowId":"6kNka3VEj4uSHtPA","workflowName":"challenge_1","executionId":"160","source":"user-manual"}}
{"__type":"$$EventMessageConfirm","confirm":"b1f7bbed-a62e-4b73-adf2-49e22b37af29","ts":"2026-04-14T17:16:02.916+00:00","source":{"id":"0","name":"eventBus"}}
{"__type":"$$EventMessageNode","id":"97ddebce-6cf4-44d9-87c0-fe9323e3fbd4","ts":"2026-04-14T17:16:02.926+00:00","eventName":"n8n.node.started","message":"n8n.node.started","payload":{"workflowId":"6kNka3VEj4uSHtPA","workflowName":"challenge_1","executionId":"160","nodeType":"n8n-nodes-base.postgresTrigger","nodeName":"Postgres Trigger","nodeId":"f75f3f76-7c21-402b-a43b-5a879b710dfe"}}
{"__type":"$$EventMessageConfirm","confirm":"97ddebce-6cf4-44d9-87c0-fe9323e3fbd4","ts":"2026-04-14T17:16:02.926+00:00","source":{"id":"0","name":"eventBus"}}
{"__type":"$$EventMessageNode","id":"3b1dd14c-d9b4-46ad-8bbb-dde4b0d661e2","ts":"2026-04-14T17:16:10.098+00:00","eventName":"n8n.node.finished","message":"n8n.node.finished","payload":{"workflowId":"6kNka3VEj4uSHtPA","workflowName":"challenge_1","executionId":"160","nodeType":"n8n-nodes-base.postgresTrigger","nodeName":"Postgres Trigger","nodeId":"f75f3f76-7c21-402b-a43b-5a879b710dfe"}}
{"__type":"$$EventMessageConfirm","confirm":"3b1dd14c-d9b4-46ad-8bbb-dde4b0d661e2","ts":"2026-04-14T17:16:10.098+00:00","source":{"id":"0","name":"eventBus"}}
{"__type":"$$EventMessageNode","id":"8ea861e1-6ec7-40af-9634-005ecd5401e6","ts":"2026-04-14T17:16:10.099+00:00","eventName":"n8n.node.started","message":"n8n.node.started","payload":{"workflowId":"6kNka3VEj4uSHtPA","workflowName":"challenge_1","executionId":"160","nodeType":"n8n-nodes-base.httpRequest","nodeName":"HTTP Request","nodeId":"03b9fc8d-2cc2-4f83-903f-122e25ab4d73"}}
{"__type":"$$EventMessageConfirm","confirm":"8ea861e1-6ec7-40af-9634-005ecd5401e6","ts":"2026-04-14T17:16:10.099+00:00","source":{"id":"0","name":"eventBus"}}
{"__type":"$$EventMessageNode","id":"ecdc5eb2-905b-4251-baf0-ae5ee197fdb0","ts":"2026-04-14T13:16:10.188-04:00","eventName":"n8n.node.finished","message":"n8n.node.finished","payload":{"workflowId":"6kNka3VEj4uSHtPA","workflowName":"challenge_1","executionId":"160","nodeType":"n8n-nodes-base.httpRequest","nodeName":"HTTP Request","nodeId":"03b9fc8d-2cc2-4f83-903f-122e25ab4d73"}}
{"__type":"$$EventMessageConfirm","confirm":"ecdc5eb2-905b-4251-baf0-ae5ee197fdb0","ts":"2026-04-14T13:16:10.189-04:00","source":{"id":"0","name":"eventBus"}}
{"__type":"$$EventMessageNode","id":"fefe0bef-e794-4205-aaae-3c140d68ce65","ts":"2026-04-14T13:16:10.190-04:00","eventName":"n8n.node.started","message":"n8n.node.started","payload":{"workflowId":"6kNka3VEj4uSHtPA","workflowName":"challenge_1","executionId":"160","nodeType":"n8n-nodes-base.switch","nodeName":"Switch","nodeId":"665fbcb0-6165-47cc-b5ed-3f71ce7d94c7"}}
{"__type":"$$EventMessageConfirm","confirm":"fefe0bef-e794-4205-aaae-3c140d68ce65","ts":"2026-04-14T13:16:10.190-04:00","source":{"id":"0","name":"eventBus"}}
{"__type":"$$EventMessageNode","id":"173e8d3d-5c2e-444e-8577-db45e219f8b2","ts":"2026-04-14T13:16:10.238-04:00","eventName":"n8n.node.finished","message":"n8n.node.finished","payload":{"workflowId":"6kNka3VEj4uSHtPA","workflowName":"challenge_1","executionId":"160","nodeType":"n8n-nodes-base.switch","nodeName":"Switch","nodeId":"665fbcb0-6165-47cc-b5ed-3f71ce7d94c7"}}
{"__type":"$$EventMessageConfirm","confirm":"173e8d3d-5c2e-444e-8577-db45e219f8b2","ts":"2026-04-14T13:16:10.238-04:00","source":{"id":"0","name":"eventBus"}}
{"__type":"$$EventMessageWorkflow","id":"a136ab92-823d-4040-a4c7-b3916d33d8f5","ts":"2026-04-14T13:16:10.244-04:00","eventName":"n8n.workflow.failed","message":"n8n.workflow.failed","payload":{"userId":"c3fbd19f-321c-46eb-868d-7c86f2ecf09e","executionId":"160","success":false,"isManual":true,"mode":"manual","workflowId":"6kNka3VEj4uSHtPA","workflowName":"challenge_1","lastNodeExecuted":"Switch","errorNodeType":"n8n-nodes-base.switch","errorMessage":"Wrong type: 'whatsapp' is a string but was expecting a number [condition 0, item 0]"}}
{"__type":"$$EventMessageConfirm","confirm":"a136ab92-823d-4040-a4c7-b3916d33d8f5","ts":"2026-04-14T13:16:10.245-04:00","source":{"id":"0","name":"eventBus"}}
{"__type":"$$EventMessageWorkflow","id":"63d6587e-7467-4e21-9666-3fe178e28ce9","ts":"2026-04-14T13:18:43.037-04:00","eventName":"n8n.workflow.started","message":"n8n.workflow.started","payload":{"executionId":"161","workflowId":"6kNka3VEj4uSHtPA","isManual":false,"mode":"manual","workflowName":"challenge_1"}}
{"__type":"$$EventMessageConfirm","confirm":"63d6587e-7467-4e21-9666-3fe178e28ce9","ts":"2026-04-14T13:18:43.037-04:00","source":{"id":"0","name":"eventBus"}}
{"__type":"$$EventMessageAudit","id":"f09534cb-f434-4375-afc5-7dcf62eccec4","ts":"2026-04-14T13:18:43.037-04:00","eventName":"n8n.audit.workflow.executed","message":"n8n.audit.workflow.executed","payload":{"userId":"c3fbd19f-321c-46eb-868d-7c86f2ecf09e","_email":"ivan.duque@imagineapps.co","_firstName":"Ivan","_lastName":"Duque","globalRole":"global:owner","workflowId":"6kNka3VEj4uSHtPA","workflowName":"challenge_1","executionId":"161","source":"user-manual"}}
{"__type":"$$EventMessageConfirm","confirm":"f09534cb-f434-4375-afc5-7dcf62eccec4","ts":"2026-04-14T13:18:43.038-04:00","source":{"id":"0","name":"eventBus"}}
{"__type":"$$EventMessageNode","id":"b469bb18-37a1-4b59-a32d-68200662b4c0","ts":"2026-04-14T13:18:43.046-04:00","eventName":"n8n.node.started","message":"n8n.node.started","payload":{"workflowId":"6kNka3VEj4uSHtPA","workflowName":"challenge_1","executionId":"161","nodeType":"n8n-nodes-base.postgresTrigger","nodeName":"Postgres Trigger","nodeId":"f75f3f76-7c21-402b-a43b-5a879b710dfe"}}
{"__type":"$$EventMessageConfirm","confirm":"b469bb18-37a1-4b59-a32d-68200662b4c0","ts":"2026-04-14T13:18:43.046-04:00","source":{"id":"0","name":"eventBus"}}
{"__type":"$$EventMessageNode","id":"d4c49bf9-8160-4095-a018-b8727822b4bd","ts":"2026-04-14T13:19:08.661-04:00","eventName":"n8n.node.finished","message":"n8n.node.finished","payload":{"workflowId":"6kNka3VEj4uSHtPA","workflowName":"challenge_1","executionId":"161","nodeType":"n8n-nodes-base.postgresTrigger","nodeName":"Postgres Trigger","nodeId":"f75f3f76-7c21-402b-a43b-5a879b710dfe"}}
{"__type":"$$EventMessageConfirm","confirm":"d4c49bf9-8160-4095-a018-b8727822b4bd","ts":"2026-04-14T13:19:08.661-04:00","source":{"id":"0","name":"eventBus"}}
{"__type":"$$EventMessageNode","id":"7fc00585-e4ec-4c57-a621-35715b11e588","ts":"2026-04-14T13:19:08.661-04:00","eventName":"n8n.node.started","message":"n8n.node.started","payload":{"workflowId":"6kNka3VEj4uSHtPA","workflowName":"challenge_1","executionId":"161","nodeType":"n8n-nodes-base.httpRequest","nodeName":"HTTP Request","nodeId":"03b9fc8d-2cc2-4f83-903f-122e25ab4d73"}}
{"__type":"$$EventMessageConfirm","confirm":"7fc00585-e4ec-4c57-a621-35715b11e588","ts":"2026-04-14T13:19:08.662-04:00","source":{"id":"0","name":"eventBus"}}
{"__type":"$$EventMessageNode","id":"410ae5c2-118f-451b-afe8-58e8c4902960","ts":"2026-04-14T13:19:08.764-04:00","eventName":"n8n.node.finished","message":"n8n.node.finished","payload":{"workflowId":"6kNka3VEj4uSHtPA","workflowName":"challenge_1","executionId":"161","nodeType":"n8n-nodes-base.httpRequest","nodeName":"HTTP Request","nodeId":"03b9fc8d-2cc2-4f83-903f-122e25ab4d73"}}
{"__type":"$$EventMessageConfirm","confirm":"410ae5c2-118f-451b-afe8-58e8c4902960","ts":"2026-04-14T13:19:08.765-04:00","source":{"id":"0","name":"eventBus"}}
{"__type":"$$EventMessageWorkflow","id":"ddbe9f84-6a7a-482b-8f35-54b13e320a8d","ts":"2026-04-14T13:19:08.768-04:00","eventName":"n8n.workflow.failed","message":"n8n.workflow.failed","payload":{"userId":"c3fbd19f-321c-46eb-868d-7c86f2ecf09e","executionId":"161","success":false,"isManual":true,"mode":"manual","workflowId":"6kNka3VEj4uSHtPA","workflowName":"challenge_1","lastNodeExecuted":"HTTP Request","errorNodeType":"n8n-nodes-base.httpRequest","errorMessage":"The service was not able to process your request"}}
{"__type":"$$EventMessageConfirm","confirm":"ddbe9f84-6a7a-482b-8f35-54b13e320a8d","ts":"2026-04-14T13:19:08.768-04:00","source":{"id":"0","name":"eventBus"}}
{"__type":"$$EventMessageWorkflow","id":"26f83aa7-276a-4547-83e4-8cb123f38765","ts":"2026-04-14T13:20:52.471-04:00","eventName":"n8n.workflow.started","message":"n8n.workflow.started","payload":{"executionId":"162","workflowId":"6kNka3VEj4uSHtPA","isManual":false,"mode":"manual","workflowName":"challenge_1"}}
{"__type":"$$EventMessageConfirm","confirm":"26f83aa7-276a-4547-83e4-8cb123f38765","ts":"2026-04-14T13:20:52.471-04:00","source":{"id":"0","name":"eventBus"}}
{"__type":"$$EventMessageAudit","id":"fcde83a5-60e4-429f-8764-92275b29cdaa","ts":"2026-04-14T13:20:52.472-04:00","eventName":"n8n.audit.workflow.executed","message":"n8n.audit.workflow.executed","payload":{"userId":"c3fbd19f-321c-46eb-868d-7c86f2ecf09e","_email":"ivan.duque@imagineapps.co","_firstName":"Ivan","_lastName":"Duque","globalRole":"global:owner","workflowId":"6kNka3VEj4uSHtPA","workflowName":"challenge_1","executionId":"162","source":"user-manual"}}
{"__type":"$$EventMessageConfirm","confirm":"fcde83a5-60e4-429f-8764-92275b29cdaa","ts":"2026-04-14T13:20:52.472-04:00","source":{"id":"0","name":"eventBus"}}
{"__type":"$$EventMessageNode","id":"d017bd7e-286c-47d9-ab1a-1271b408fdf0","ts":"2026-04-14T13:20:52.484-04:00","eventName":"n8n.node.started","message":"n8n.node.started","payload":{"workflowId":"6kNka3VEj4uSHtPA","workflowName":"challenge_1","executionId":"162","nodeType":"n8n-nodes-base.httpRequest","nodeName":"HTTP Request","nodeId":"03b9fc8d-2cc2-4f83-903f-122e25ab4d73"}}
{"__type":"$$EventMessageConfirm","confirm":"d017bd7e-286c-47d9-ab1a-1271b408fdf0","ts":"2026-04-14T13:20:52.484-04:00","source":{"id":"0","name":"eventBus"}}
{"__type":"$$EventMessageNode","id":"c4bb420a-1d95-4651-8443-1b273e15e8c1","ts":"2026-04-14T13:20:52.499-04:00","eventName":"n8n.node.finished","message":"n8n.node.finished","payload":{"workflowId":"6kNka3VEj4uSHtPA","workflowName":"challenge_1","executionId":"162","nodeType":"n8n-nodes-base.httpRequest","nodeName":"HTTP Request","nodeId":"03b9fc8d-2cc2-4f83-903f-122e25ab4d73"}}
{"__type":"$$EventMessageConfirm","confirm":"c4bb420a-1d95-4651-8443-1b273e15e8c1","ts":"2026-04-14T13:20:52.499-04:00","source":{"id":"0","name":"eventBus"}}
{"__type":"$$EventMessageWorkflow","id":"3db2a6df-363f-4f92-b437-ed1ae32a7542","ts":"2026-04-14T13:20:52.502-04:00","eventName":"n8n.workflow.success","message":"n8n.workflow.success","payload":{"userId":"c3fbd19f-321c-46eb-868d-7c86f2ecf09e","executionId":"162","success":true,"isManual":true,"mode":"manual","workflowId":"6kNka3VEj4uSHtPA","workflowName":"challenge_1"}}
{"__type":"$$EventMessageConfirm","confirm":"3db2a6df-363f-4f92-b437-ed1ae32a7542","ts":"2026-04-14T13:20:52.502-04:00","source":{"id":"0","name":"eventBus"}}
{"__type":"$$EventMessageWorkflow","id":"620ceebd-968e-41e9-9c3e-94614e66686d","ts":"2026-04-14T13:20:58.522-04:00","eventName":"n8n.workflow.started","message":"n8n.workflow.started","payload":{"executionId":"163","workflowId":"6kNka3VEj4uSHtPA","isManual":false,"mode":"manual","workflowName":"challenge_1"}}
{"__type":"$$EventMessageConfirm","confirm":"620ceebd-968e-41e9-9c3e-94614e66686d","ts":"2026-04-14T13:20:58.522-04:00","source":{"id":"0","name":"eventBus"}}
{"__type":"$$EventMessageAudit","id":"5be77e3d-273d-40e4-ac4e-f5ea86bbd37f","ts":"2026-04-14T13:20:58.523-04:00","eventName":"n8n.audit.workflow.executed","message":"n8n.audit.workflow.executed","payload":{"userId":"c3fbd19f-321c-46eb-868d-7c86f2ecf09e","_email":"ivan.duque@imagineapps.co","_firstName":"Ivan","_lastName":"Duque","globalRole":"global:owner","workflowId":"6kNka3VEj4uSHtPA","workflowName":"challenge_1","executionId":"163","source":"user-manual"}}
{"__type":"$$EventMessageConfirm","confirm":"5be77e3d-273d-40e4-ac4e-f5ea86bbd37f","ts":"2026-04-14T13:20:58.523-04:00","source":{"id":"0","name":"eventBus"}}
{"__type":"$$EventMessageNode","id":"b580723a-ecae-4864-8204-aa0f9e4bc90a","ts":"2026-04-14T13:20:58.532-04:00","eventName":"n8n.node.started","message":"n8n.node.started","payload":{"workflowId":"6kNka3VEj4uSHtPA","workflowName":"challenge_1","executionId":"163","nodeType":"n8n-nodes-base.postgresTrigger","nodeName":"Postgres Trigger","nodeId":"f75f3f76-7c21-402b-a43b-5a879b710dfe"}}
{"__type":"$$EventMessageConfirm","confirm":"b580723a-ecae-4864-8204-aa0f9e4bc90a","ts":"2026-04-14T13:20:58.532-04:00","source":{"id":"0","name":"eventBus"}}
{"__type":"$$EventMessageNode","id":"509b9e9d-9fd9-4ee5-96ab-4b506aad9579","ts":"2026-04-14T13:21:04.849-04:00","eventName":"n8n.node.finished","message":"n8n.node.finished","payload":{"workflowId":"6kNka3VEj4uSHtPA","workflowName":"challenge_1","executionId":"163","nodeType":"n8n-nodes-base.postgresTrigger","nodeName":"Postgres Trigger","nodeId":"f75f3f76-7c21-402b-a43b-5a879b710dfe"}}
{"__type":"$$EventMessageConfirm","confirm":"509b9e9d-9fd9-4ee5-96ab-4b506aad9579","ts":"2026-04-14T13:21:04.849-04:00","source":{"id":"0","name":"eventBus"}}
{"__type":"$$EventMessageNode","id":"30912f95-b160-4e57-a8e4-16c267059263","ts":"2026-04-14T13:21:04.851-04:00","eventName":"n8n.node.started","message":"n8n.node.started","payload":{"workflowId":"6kNka3VEj4uSHtPA","workflowName":"challenge_1","executionId":"163","nodeType":"n8n-nodes-base.httpRequest","nodeName":"HTTP Request","nodeId":"03b9fc8d-2cc2-4f83-903f-122e25ab4d73"}}
{"__type":"$$EventMessageConfirm","confirm":"30912f95-b160-4e57-a8e4-16c267059263","ts":"2026-04-14T13:21:04.851-04:00","source":{"id":"0","name":"eventBus"}}
{"__type":"$$EventMessageNode","id":"087d22d8-4f59-4e1b-9157-af11a81efcff","ts":"2026-04-14T13:21:04.865-04:00","eventName":"n8n.node.finished","message":"n8n.node.finished","payload":{"workflowId":"6kNka3VEj4uSHtPA","workflowName":"challenge_1","executionId":"163","nodeType":"n8n-nodes-base.httpRequest","nodeName":"HTTP Request","nodeId":"03b9fc8d-2cc2-4f83-903f-122e25ab4d73"}}
{"__type":"$$EventMessageConfirm","confirm":"087d22d8-4f59-4e1b-9157-af11a81efcff","ts":"2026-04-14T13:21:04.866-04:00","source":{"id":"0","name":"eventBus"}}
{"__type":"$$EventMessageNode","id":"42a9b8d2-ccd6-4464-a921-7e5b8f1aa9f8","ts":"2026-04-14T13:21:04.866-04:00","eventName":"n8n.node.started","message":"n8n.node.started","payload":{"workflowId":"6kNka3VEj4uSHtPA","workflowName":"challenge_1","executionId":"163","nodeType":"n8n-nodes-base.switch","nodeName":"Switch","nodeId":"665fbcb0-6165-47cc-b5ed-3f71ce7d94c7"}}
{"__type":"$$EventMessageConfirm","confirm":"42a9b8d2-ccd6-4464-a921-7e5b8f1aa9f8","ts":"2026-04-14T13:21:04.866-04:00","source":{"id":"0","name":"eventBus"}}
{"__type":"$$EventMessageNode","id":"d7dbaa84-210b-4b81-9362-6dd7937deb0f","ts":"2026-04-14T13:21:04.869-04:00","eventName":"n8n.node.finished","message":"n8n.node.finished","payload":{"workflowId":"6kNka3VEj4uSHtPA","workflowName":"challenge_1","executionId":"163","nodeType":"n8n-nodes-base.switch","nodeName":"Switch","nodeId":"665fbcb0-6165-47cc-b5ed-3f71ce7d94c7"}}
{"__type":"$$EventMessageConfirm","confirm":"d7dbaa84-210b-4b81-9362-6dd7937deb0f","ts":"2026-04-14T13:21:04.869-04:00","source":{"id":"0","name":"eventBus"}}
{"__type":"$$EventMessageNode","id":"cdbf03d5-d686-40bc-8088-24b4c8b1df27","ts":"2026-04-14T13:21:04.870-04:00","eventName":"n8n.node.started","message":"n8n.node.started","payload":{"workflowId":"6kNka3VEj4uSHtPA","workflowName":"challenge_1","executionId":"163","nodeType":"n8n-nodes-base.twilio","nodeName":"Send an SMS/MMS/WhatsApp message","nodeId":"669a944b-d53a-4503-87c2-c5d1ec4e3092"}}
{"__type":"$$EventMessageConfirm","confirm":"cdbf03d5-d686-40bc-8088-24b4c8b1df27","ts":"2026-04-14T13:21:04.870-04:00","source":{"id":"0","name":"eventBus"}}
{"__type":"$$EventMessageNode","id":"dd9c8f63-b6a2-438a-91de-9c03e500f044","ts":"2026-04-14T13:21:05.509-04:00","eventName":"n8n.node.finished","message":"n8n.node.finished","payload":{"workflowId":"6kNka3VEj4uSHtPA","workflowName":"challenge_1","executionId":"163","nodeType":"n8n-nodes-base.twilio","nodeName":"Send an SMS/MMS/WhatsApp message","nodeId":"669a944b-d53a-4503-87c2-c5d1ec4e3092"}}
{"__type":"$$EventMessageConfirm","confirm":"dd9c8f63-b6a2-438a-91de-9c03e500f044","ts":"2026-04-14T13:21:05.510-04:00","source":{"id":"0","name":"eventBus"}}
{"__type":"$$EventMessageWorkflow","id":"741b6304-cb9c-40ab-b653-419b6902f1c4","ts":"2026-04-14T13:21:05.513-04:00","eventName":"n8n.workflow.success","message":"n8n.workflow.success","payload":{"userId":"c3fbd19f-321c-46eb-868d-7c86f2ecf09e","executionId":"163","success":true,"isManual":true,"mode":"manual","workflowId":"6kNka3VEj4uSHtPA","workflowName":"challenge_1"}}
{"__type":"$$EventMessageConfirm","confirm":"741b6304-cb9c-40ab-b653-419b6902f1c4","ts":"2026-04-14T13:21:05.513-04:00","source":{"id":"0","name":"eventBus"}}
{"__type":"$$EventMessageAudit","id":"94a41e1c-9da9-4e38-82c5-6d4b3862f0b4","ts":"2026-04-14T13:31:44.583-04:00","eventName":"n8n.audit.workflow.updated","message":"n8n.audit.workflow.updated","payload":{"userId":"c3fbd19f-321c-46eb-868d-7c86f2ecf09e","_email":"ivan.duque@imagineapps.co","_firstName":"Ivan","_lastName":"Duque","globalRole":"global:owner","workflowId":"6kNka3VEj4uSHtPA","workflowName":"challenge_1"}}
{"__type":"$$EventMessageConfirm","confirm":"94a41e1c-9da9-4e38-82c5-6d4b3862f0b4","ts":"2026-04-14T13:31:44.583-04:00","source":{"id":"0","name":"eventBus"}}
{"__type":"$$EventMessageAudit","id":"6fb01f4c-efaf-49b2-bc12-a4edb1c53ecd","ts":"2026-04-14T13:31:52.066-04:00","eventName":"n8n.audit.workflow.updated","message":"n8n.audit.workflow.updated","payload":{"userId":"c3fbd19f-321c-46eb-868d-7c86f2ecf09e","_email":"ivan.duque@imagineapps.co","_firstName":"Ivan","_lastName":"Duque","globalRole":"global:owner","workflowId":"6kNka3VEj4uSHtPA","workflowName":"challenge_1"}}
{"__type":"$$EventMessageConfirm","confirm":"6fb01f4c-efaf-49b2-bc12-a4edb1c53ecd","ts":"2026-04-14T13:31:52.067-04:00","source":{"id":"0","name":"eventBus"}}
{"__type":"$$EventMessageAudit","id":"a491976a-b0a8-47f9-836e-db2dbe8d77d2","ts":"2026-04-14T13:32:09.612-04:00","eventName":"n8n.audit.user.credentials.created","message":"n8n.audit.user.credentials.created","payload":{"userId":"c3fbd19f-321c-46eb-868d-7c86f2ecf09e","_email":"ivan.duque@imagineapps.co","_firstName":"Ivan","_lastName":"Duque","globalRole":"global:owner","credentialType":"slackApi","credentialId":"mIHSo7vgFXEDikGj","publicApi":false,"projectId":"Qjv3TYbPmHN2GTBw","projectType":"personal","isDynamic":false}}
{"__type":"$$EventMessageConfirm","confirm":"a491976a-b0a8-47f9-836e-db2dbe8d77d2","ts":"2026-04-14T13:32:09.612-04:00","source":{"id":"0","name":"eventBus"}}
{"__type":"$$EventMessageAudit","id":"135e3934-d81a-4507-a198-27fa420bf918","ts":"2026-04-14T13:32:11.173-04:00","eventName":"n8n.audit.workflow.updated","message":"n8n.audit.workflow.updated","payload":{"userId":"c3fbd19f-321c-46eb-868d-7c86f2ecf09e","_email":"ivan.duque@imagineapps.co","_firstName":"Ivan","_lastName":"Duque","globalRole":"global:owner","workflowId":"6kNka3VEj4uSHtPA","workflowName":"challenge_1"}}
{"__type":"$$EventMessageConfirm","confirm":"135e3934-d81a-4507-a198-27fa420bf918","ts":"2026-04-14T13:32:11.173-04:00","source":{"id":"0","name":"eventBus"}}
{"__type":"$$EventMessageAudit","id":"fccb74cc-89a8-40e9-9a2c-aa2d5c4cf746","ts":"2026-04-14T15:07:26.555-04:00","eventName":"n8n.audit.workflow.updated","message":"n8n.audit.workflow.updated","payload":{"userId":"c3fbd19f-321c-46eb-868d-7c86f2ecf09e","_email":"ivan.duque@imagineapps.co","_firstName":"Ivan","_lastName":"Duque","globalRole":"global:owner","workflowId":"6kNka3VEj4uSHtPA","workflowName":"challenge_1"}}
{"__type":"$$EventMessageConfirm","confirm":"fccb74cc-89a8-40e9-9a2c-aa2d5c4cf746","ts":"2026-04-14T15:07:26.555-04:00","source":{"id":"0","name":"eventBus"}}
{"__type":"$$EventMessageWorkflow","id":"06d6e892-8ec4-4f16-87da-1e1da810e985","ts":"2026-04-14T15:07:31.536-04:00","eventName":"n8n.workflow.started","message":"n8n.workflow.started","payload":{"executionId":"164","workflowId":"6kNka3VEj4uSHtPA","isManual":false,"mode":"manual","workflowName":"challenge_1"}}
{"__type":"$$EventMessageConfirm","confirm":"06d6e892-8ec4-4f16-87da-1e1da810e985","ts":"2026-04-14T15:07:31.536-04:00","source":{"id":"0","name":"eventBus"}}
{"__type":"$$EventMessageAudit","id":"67fbfcb1-9928-4d3b-8e9c-4bb8029c39b3","ts":"2026-04-14T15:07:31.537-04:00","eventName":"n8n.audit.workflow.executed","message":"n8n.audit.workflow.executed","payload":{"userId":"c3fbd19f-321c-46eb-868d-7c86f2ecf09e","_email":"ivan.duque@imagineapps.co","_firstName":"Ivan","_lastName":"Duque","globalRole":"global:owner","workflowId":"6kNka3VEj4uSHtPA","workflowName":"challenge_1","executionId":"164","source":"user-manual"}}
{"__type":"$$EventMessageConfirm","confirm":"67fbfcb1-9928-4d3b-8e9c-4bb8029c39b3","ts":"2026-04-14T15:07:31.537-04:00","source":{"id":"0","name":"eventBus"}}
{"__type":"$$EventMessageWorkflow","id":"39a0a61d-72bc-42e7-be6a-d52fba51e630","ts":"2026-04-14T15:07:31.550-04:00","eventName":"n8n.workflow.success","message":"n8n.workflow.success","payload":{"userId":"c3fbd19f-321c-46eb-868d-7c86f2ecf09e","executionId":"164","success":true,"isManual":true,"mode":"manual","workflowId":"6kNka3VEj4uSHtPA","workflowName":"challenge_1"}}
{"__type":"$$EventMessageConfirm","confirm":"39a0a61d-72bc-42e7-be6a-d52fba51e630","ts":"2026-04-14T15:07:31.550-04:00","source":{"id":"0","name":"eventBus"}}
{"__type":"$$EventMessageAudit","id":"464db298-82ce-42a2-b518-d64c275e0969","ts":"2026-04-14T15:08:34.263-04:00","eventName":"n8n.audit.workflow.updated","message":"n8n.audit.workflow.updated","payload":{"userId":"c3fbd19f-321c-46eb-868d-7c86f2ecf09e","_email":"ivan.duque@imagineapps.co","_firstName":"Ivan","_lastName":"Duque","globalRole":"global:owner","workflowId":"6kNka3VEj4uSHtPA","workflowName":"challenge_1"}}
{"__type":"$$EventMessageConfirm","confirm":"464db298-82ce-42a2-b518-d64c275e0969","ts":"2026-04-14T15:08:34.263-04:00","source":{"id":"0","name":"eventBus"}}
{"__type":"$$EventMessageAudit","id":"bab4d570-a6c2-4a6c-91eb-469cc5970070","ts":"2026-04-14T15:08:49.878-04:00","eventName":"n8n.audit.workflow.updated","message":"n8n.audit.workflow.updated","payload":{"userId":"c3fbd19f-321c-46eb-868d-7c86f2ecf09e","_email":"ivan.duque@imagineapps.co","_firstName":"Ivan","_lastName":"Duque","globalRole":"global:owner","workflowId":"6kNka3VEj4uSHtPA","workflowName":"challenge_1"}}
{"__type":"$$EventMessageConfirm","confirm":"bab4d570-a6c2-4a6c-91eb-469cc5970070","ts":"2026-04-14T15:08:49.878-04:00","source":{"id":"0","name":"eventBus"}}
{"__type":"$$EventMessageAudit","id":"9410f4dd-db80-4d81-aac5-fcb676606799","ts":"2026-04-14T15:08:56.229-04:00","eventName":"n8n.audit.workflow.updated","message":"n8n.audit.workflow.updated","payload":{"userId":"c3fbd19f-321c-46eb-868d-7c86f2ecf09e","_email":"ivan.duque@imagineapps.co","_firstName":"Ivan","_lastName":"Duque","globalRole":"global:owner","workflowId":"6kNka3VEj4uSHtPA","workflowName":"challenge_1"}}
{"__type":"$$EventMessageConfirm","confirm":"9410f4dd-db80-4d81-aac5-fcb676606799","ts":"2026-04-14T15:08:56.229-04:00","source":{"id":"0","name":"eventBus"}}
{"__type":"$$EventMessageAudit","id":"1f728825-998e-4ba5-8b1f-809792482e3e","ts":"2026-04-14T15:09:01.190-04:00","eventName":"n8n.audit.workflow.updated","message":"n8n.audit.workflow.updated","payload":{"userId":"c3fbd19f-321c-46eb-868d-7c86f2ecf09e","_email":"ivan.duque@imagineapps.co","_firstName":"Ivan","_lastName":"Duque","globalRole":"global:owner","workflowId":"6kNka3VEj4uSHtPA","workflowName":"challenge_1"}}
{"__type":"$$EventMessageConfirm","confirm":"1f728825-998e-4ba5-8b1f-809792482e3e","ts":"2026-04-14T15:09:01.190-04:00","source":{"id":"0","name":"eventBus"}}
{"__type":"$$EventMessageAudit","id":"94b8de3c-8ab0-4f2f-a753-c94c6799109d","ts":"2026-04-14T15:09:06.307-04:00","eventName":"n8n.audit.workflow.updated","message":"n8n.audit.workflow.updated","payload":{"userId":"c3fbd19f-321c-46eb-868d-7c86f2ecf09e","_email":"ivan.duque@imagineapps.co","_firstName":"Ivan","_lastName":"Duque","globalRole":"global:owner","workflowId":"6kNka3VEj4uSHtPA","workflowName":"challenge_1"}}
{"__type":"$$EventMessageConfirm","confirm":"94b8de3c-8ab0-4f2f-a753-c94c6799109d","ts":"2026-04-14T15:09:06.308-04:00","source":{"id":"0","name":"eventBus"}}
{"__type":"$$EventMessageAudit","id":"6ce5731b-5d32-4967-a4f5-c73131a8b05f","ts":"2026-04-14T15:09:22.609-04:00","eventName":"n8n.audit.workflow.updated","message":"n8n.audit.workflow.updated","payload":{"userId":"c3fbd19f-321c-46eb-868d-7c86f2ecf09e","_email":"ivan.duque@imagineapps.co","_firstName":"Ivan","_lastName":"Duque","globalRole":"global:owner","workflowId":"6kNka3VEj4uSHtPA","workflowName":"challenge_1"}}
{"__type":"$$EventMessageConfirm","confirm":"6ce5731b-5d32-4967-a4f5-c73131a8b05f","ts":"2026-04-14T15:09:22.609-04:00","source":{"id":"0","name":"eventBus"}}
{"__type":"$$EventMessageAudit","id":"878e594e-251a-4a23-9020-f302391c8ea1","ts":"2026-04-14T15:09:36.883-04:00","eventName":"n8n.audit.workflow.updated","message":"n8n.audit.workflow.updated","payload":{"userId":"c3fbd19f-321c-46eb-868d-7c86f2ecf09e","_email":"ivan.duque@imagineapps.co","_firstName":"Ivan","_lastName":"Duque","globalRole":"global:owner","workflowId":"6kNka3VEj4uSHtPA","workflowName":"challenge_1"}}
{"__type":"$$EventMessageConfirm","confirm":"878e594e-251a-4a23-9020-f302391c8ea1","ts":"2026-04-14T15:09:36.884-04:00","source":{"id":"0","name":"eventBus"}}
{"__type":"$$EventMessageAudit","id":"a876f954-8e80-4f2b-aefd-680fe2c1bb52","ts":"2026-04-14T15:09:38.714-04:00","eventName":"n8n.audit.workflow.updated","message":"n8n.audit.workflow.updated","payload":{"userId":"c3fbd19f-321c-46eb-868d-7c86f2ecf09e","_email":"ivan.duque@imagineapps.co","_firstName":"Ivan","_lastName":"Duque","globalRole":"global:owner","workflowId":"6kNka3VEj4uSHtPA","workflowName":"challenge_1"}}
{"__type":"$$EventMessageConfirm","confirm":"a876f954-8e80-4f2b-aefd-680fe2c1bb52","ts":"2026-04-14T15:09:38.715-04:00","source":{"id":"0","name":"eventBus"}}
{"__type":"$$EventMessageWorkflow","id":"ffe71bf8-f686-467e-97f5-c71faf93399f","ts":"2026-04-14T15:09:41.762-04:00","eventName":"n8n.workflow.started","message":"n8n.workflow.started","payload":{"executionId":"165","workflowId":"6kNka3VEj4uSHtPA","isManual":false,"mode":"manual","workflowName":"challenge_1"}}
{"__type":"$$EventMessageConfirm","confirm":"ffe71bf8-f686-467e-97f5-c71faf93399f","ts":"2026-04-14T15:09:41.762-04:00","source":{"id":"0","name":"eventBus"}}
{"__type":"$$EventMessageAudit","id":"b036f83e-dd75-47d8-8d1c-b25db8f68d51","ts":"2026-04-14T15:09:41.763-04:00","eventName":"n8n.audit.workflow.executed","message":"n8n.audit.workflow.executed","payload":{"userId":"c3fbd19f-321c-46eb-868d-7c86f2ecf09e","_email":"ivan.duque@imagineapps.co","_firstName":"Ivan","_lastName":"Duque","globalRole":"global:owner","workflowId":"6kNka3VEj4uSHtPA","workflowName":"challenge_1","executionId":"165","source":"user-manual"}}
{"__type":"$$EventMessageConfirm","confirm":"b036f83e-dd75-47d8-8d1c-b25db8f68d51","ts":"2026-04-14T15:09:41.763-04:00","source":{"id":"0","name":"eventBus"}}
{"__type":"$$EventMessageNode","id":"c273910d-c4f7-4f0d-9d9a-28d8d8e2a688","ts":"2026-04-14T15:09:41.772-04:00","eventName":"n8n.node.started","message":"n8n.node.started","payload":{"workflowId":"6kNka3VEj4uSHtPA","workflowName":"challenge_1","executionId":"165","nodeType":"n8n-nodes-base.postgresTrigger","nodeName":"Postgres Trigger","nodeId":"f75f3f76-7c21-402b-a43b-5a879b710dfe"}}
{"__type":"$$EventMessageConfirm","confirm":"c273910d-c4f7-4f0d-9d9a-28d8d8e2a688","ts":"2026-04-14T15:09:41.772-04:00","source":{"id":"0","name":"eventBus"}}
{"__type":"$$EventMessageNode","id":"e92abb2d-e31b-4451-bdb6-8a8666242654","ts":"2026-04-14T15:09:45.907-04:00","eventName":"n8n.node.finished","message":"n8n.node.finished","payload":{"workflowId":"6kNka3VEj4uSHtPA","workflowName":"challenge_1","executionId":"165","nodeType":"n8n-nodes-base.postgresTrigger","nodeName":"Postgres Trigger","nodeId":"f75f3f76-7c21-402b-a43b-5a879b710dfe"}}
{"__type":"$$EventMessageConfirm","confirm":"e92abb2d-e31b-4451-bdb6-8a8666242654","ts":"2026-04-14T15:09:45.907-04:00","source":{"id":"0","name":"eventBus"}}
{"__type":"$$EventMessageNode","id":"2accd0ca-d0c4-40cf-a19d-08dd04488c88","ts":"2026-04-14T15:09:45.908-04:00","eventName":"n8n.node.started","message":"n8n.node.started","payload":{"workflowId":"6kNka3VEj4uSHtPA","workflowName":"challenge_1","executionId":"165","nodeType":"n8n-nodes-base.httpRequest","nodeName":"HTTP Request","nodeId":"03b9fc8d-2cc2-4f83-903f-122e25ab4d73"}}
{"__type":"$$EventMessageConfirm","confirm":"2accd0ca-d0c4-40cf-a19d-08dd04488c88","ts":"2026-04-14T15:09:45.908-04:00","source":{"id":"0","name":"eventBus"}}
{"__type":"$$EventMessageNode","id":"9f85855f-93c6-4b9a-916a-60d7f6ca88c9","ts":"2026-04-14T15:09:45.919-04:00","eventName":"n8n.node.finished","message":"n8n.node.finished","payload":{"workflowId":"6kNka3VEj4uSHtPA","workflowName":"challenge_1","executionId":"165","nodeType":"n8n-nodes-base.httpRequest","nodeName":"HTTP Request","nodeId":"03b9fc8d-2cc2-4f83-903f-122e25ab4d73"}}
{"__type":"$$EventMessageConfirm","confirm":"9f85855f-93c6-4b9a-916a-60d7f6ca88c9","ts":"2026-04-14T15:09:45.919-04:00","source":{"id":"0","name":"eventBus"}}
{"__type":"$$EventMessageNode","id":"aabf2f8a-4fc9-4569-b589-ac6b7d19bb95","ts":"2026-04-14T15:09:45.919-04:00","eventName":"n8n.node.started","message":"n8n.node.started","payload":{"workflowId":"6kNka3VEj4uSHtPA","workflowName":"challenge_1","executionId":"165","nodeType":"n8n-nodes-base.switch","nodeName":"Switch","nodeId":"665fbcb0-6165-47cc-b5ed-3f71ce7d94c7"}}
{"__type":"$$EventMessageConfirm","confirm":"aabf2f8a-4fc9-4569-b589-ac6b7d19bb95","ts":"2026-04-14T15:09:45.919-04:00","source":{"id":"0","name":"eventBus"}}
{"__type":"$$EventMessageNode","id":"887ee85c-4d12-4155-930d-65294f2bb3d0","ts":"2026-04-14T15:09:45.922-04:00","eventName":"n8n.node.finished","message":"n8n.node.finished","payload":{"workflowId":"6kNka3VEj4uSHtPA","workflowName":"challenge_1","executionId":"165","nodeType":"n8n-nodes-base.switch","nodeName":"Switch","nodeId":"665fbcb0-6165-47cc-b5ed-3f71ce7d94c7"}}
{"__type":"$$EventMessageConfirm","confirm":"887ee85c-4d12-4155-930d-65294f2bb3d0","ts":"2026-04-14T15:09:45.922-04:00","source":{"id":"0","name":"eventBus"}}
{"__type":"$$EventMessageNode","id":"3c7afa78-50ed-439f-9d62-8aacb0e55a6d","ts":"2026-04-14T15:09:45.923-04:00","eventName":"n8n.node.started","message":"n8n.node.started","payload":{"workflowId":"6kNka3VEj4uSHtPA","workflowName":"challenge_1","executionId":"165","nodeType":"n8n-nodes-base.slack","nodeName":"Send a message","nodeId":"0960a4dd-6c3a-4d87-b782-2f49bf9f9ab9"}}
{"__type":"$$EventMessageConfirm","confirm":"3c7afa78-50ed-439f-9d62-8aacb0e55a6d","ts":"2026-04-14T15:09:45.923-04:00","source":{"id":"0","name":"eventBus"}}
{"__type":"$$EventMessageNode","id":"c3c593af-16c3-4c09-aaac-3903c9a5dbbe","ts":"2026-04-14T15:09:46.328-04:00","eventName":"n8n.node.finished","message":"n8n.node.finished","payload":{"workflowId":"6kNka3VEj4uSHtPA","workflowName":"challenge_1","executionId":"165","nodeType":"n8n-nodes-base.slack","nodeName":"Send a message","nodeId":"0960a4dd-6c3a-4d87-b782-2f49bf9f9ab9"}}
{"__type":"$$EventMessageConfirm","confirm":"c3c593af-16c3-4c09-aaac-3903c9a5dbbe","ts":"2026-04-14T15:09:46.328-04:00","source":{"id":"0","name":"eventBus"}}
{"__type":"$$EventMessageWorkflow","id":"c55d4ab4-2534-4f9d-af05-2c3d353a515b","ts":"2026-04-14T15:09:46.331-04:00","eventName":"n8n.workflow.success","message":"n8n.workflow.success","payload":{"userId":"c3fbd19f-321c-46eb-868d-7c86f2ecf09e","executionId":"165","success":true,"isManual":true,"mode":"manual","workflowId":"6kNka3VEj4uSHtPA","workflowName":"challenge_1"}}
{"__type":"$$EventMessageConfirm","confirm":"c55d4ab4-2534-4f9d-af05-2c3d353a515b","ts":"2026-04-14T15:09:46.332-04:00","source":{"id":"0","name":"eventBus"}}
