{"__type":"$$EventMessageAudit","id":"6b342afb-6c43-4e34-8ddd-6c6a098dffb0","ts":"2026-04-08T06:53:20.099+00:00","eventName":"n8n.audit.workflow.updated","message":"n8n.audit.workflow.updated","payload":{"userId":"c3fbd19f-321c-46eb-868d-7c86f2ecf09e","_email":"ivan.duque@imagineapps.co","_firstName":"Ivan","_lastName":"Duque","globalRole":"global:owner","workflowId":"6kNka3VEj4uSHtPA","workflowName":"My workflow"}}
{"__type":"$$EventMessageConfirm","confirm":"6b342afb-6c43-4e34-8ddd-6c6a098dffb0","ts":"2026-04-08T06:53:20.100+00:00","source":{"id":"0","name":"eventBus"}}
{"__type":"$$EventMessageAudit","id":"45ec741d-b08a-4a90-ba95-fe0983fc055a","ts":"2026-04-08T06:53:27.726+00:00","eventName":"n8n.audit.workflow.updated","message":"n8n.audit.workflow.updated","payload":{"userId":"c3fbd19f-321c-46eb-868d-7c86f2ecf09e","_email":"ivan.duque@imagineapps.co","_firstName":"Ivan","_lastName":"Duque","globalRole":"global:owner","workflowId":"6kNka3VEj4uSHtPA","workflowName":"My workflow"}}
{"__type":"$$EventMessageConfirm","confirm":"45ec741d-b08a-4a90-ba95-fe0983fc055a","ts":"2026-04-08T06:53:27.726+00:00","source":{"id":"0","name":"eventBus"}}
{"__type":"$$EventMessageWorkflow","id":"97579ab9-48b0-4c6c-acae-643587286d80","ts":"2026-04-08T06:53:32.605+00:00","eventName":"n8n.workflow.started","message":"n8n.workflow.started","payload":{"executionId":"44","workflowId":"6kNka3VEj4uSHtPA","isManual":false,"mode":"manual","workflowName":"My workflow"}}
{"__type":"$$EventMessageConfirm","confirm":"97579ab9-48b0-4c6c-acae-643587286d80","ts":"2026-04-08T06:53:32.605+00:00","source":{"id":"0","name":"eventBus"}}
{"__type":"$$EventMessageAudit","id":"dd1fafde-0513-4512-99ae-6de277f57b40","ts":"2026-04-08T06:53:32.609+00:00","eventName":"n8n.audit.workflow.executed","message":"n8n.audit.workflow.executed","payload":{"userId":"c3fbd19f-321c-46eb-868d-7c86f2ecf09e","_email":"ivan.duque@imagineapps.co","_firstName":"Ivan","_lastName":"Duque","globalRole":"global:owner","workflowId":"6kNka3VEj4uSHtPA","workflowName":"My workflow","executionId":"44","source":"user-manual"}}
{"__type":"$$EventMessageConfirm","confirm":"dd1fafde-0513-4512-99ae-6de277f57b40","ts":"2026-04-08T06:53:32.609+00:00","source":{"id":"0","name":"eventBus"}}
{"__type":"$$EventMessageNode","id":"9f986364-23c1-4282-a178-d745e47b88c9","ts":"2026-04-08T06:53:32.628+00:00","eventName":"n8n.node.started","message":"n8n.node.started","payload":{"workflowId":"6kNka3VEj4uSHtPA","workflowName":"My workflow","executionId":"44","nodeType":"n8n-nodes-base.postgresTrigger","nodeName":"Postgres Trigger","nodeId":"f75f3f76-7c21-402b-a43b-5a879b710dfe"}}
{"__type":"$$EventMessageConfirm","confirm":"9f986364-23c1-4282-a178-d745e47b88c9","ts":"2026-04-08T06:53:32.628+00:00","source":{"id":"0","name":"eventBus"}}
{"__type":"$$EventMessageNode","id":"40586de1-72c9-46a1-b8f3-3a9877351825","ts":"2026-04-08T06:53:37.606+00:00","eventName":"n8n.node.finished","message":"n8n.node.finished","payload":{"workflowId":"6kNka3VEj4uSHtPA","workflowName":"My workflow","executionId":"44","nodeType":"n8n-nodes-base.postgresTrigger","nodeName":"Postgres Trigger","nodeId":"f75f3f76-7c21-402b-a43b-5a879b710dfe"}}
{"__type":"$$EventMessageConfirm","confirm":"40586de1-72c9-46a1-b8f3-3a9877351825","ts":"2026-04-08T06:53:37.607+00:00","source":{"id":"0","name":"eventBus"}}
{"__type":"$$EventMessageNode","id":"f102207c-e2e3-4f1e-9237-d29106da3efa","ts":"2026-04-08T06:53:37.610+00:00","eventName":"n8n.node.started","message":"n8n.node.started","payload":{"workflowId":"6kNka3VEj4uSHtPA","workflowName":"My workflow","executionId":"44","nodeType":"n8n-nodes-base.httpRequest","nodeName":"HTTP Request","nodeId":"03b9fc8d-2cc2-4f83-903f-122e25ab4d73"}}
{"__type":"$$EventMessageConfirm","confirm":"f102207c-e2e3-4f1e-9237-d29106da3efa","ts":"2026-04-08T06:53:37.610+00:00","source":{"id":"0","name":"eventBus"}}
{"__type":"$$EventMessageNode","id":"9cc2863f-9b57-4e02-a2bc-a81b4bd43791","ts":"2026-04-08T02:53:37.701-04:00","eventName":"n8n.node.finished","message":"n8n.node.finished","payload":{"workflowId":"6kNka3VEj4uSHtPA","workflowName":"My workflow","executionId":"44","nodeType":"n8n-nodes-base.httpRequest","nodeName":"HTTP Request","nodeId":"03b9fc8d-2cc2-4f83-903f-122e25ab4d73"}}
{"__type":"$$EventMessageConfirm","confirm":"9cc2863f-9b57-4e02-a2bc-a81b4bd43791","ts":"2026-04-08T02:53:37.701-04:00","source":{"id":"0","name":"eventBus"}}
{"__type":"$$EventMessageWorkflow","id":"1250882e-f027-46e2-ad15-3ebb4939a7f9","ts":"2026-04-08T02:53:37.705-04:00","eventName":"n8n.workflow.success","message":"n8n.workflow.success","payload":{"userId":"c3fbd19f-321c-46eb-868d-7c86f2ecf09e","executionId":"44","success":true,"isManual":true,"mode":"manual","workflowId":"6kNka3VEj4uSHtPA","workflowName":"My workflow"}}
{"__type":"$$EventMessageConfirm","confirm":"1250882e-f027-46e2-ad15-3ebb4939a7f9","ts":"2026-04-08T02:53:37.705-04:00","source":{"id":"0","name":"eventBus"}}
{"__type":"$$EventMessageAudit","id":"57164dd0-7bf5-48f7-84e1-d66465754951","ts":"2026-04-08T02:53:47.348-04:00","eventName":"n8n.audit.workflow.updated","message":"n8n.audit.workflow.updated","payload":{"userId":"c3fbd19f-321c-46eb-868d-7c86f2ecf09e","_email":"ivan.duque@imagineapps.co","_firstName":"Ivan","_lastName":"Duque","globalRole":"global:owner","workflowId":"6kNka3VEj4uSHtPA","workflowName":"My workflow"}}
{"__type":"$$EventMessageConfirm","confirm":"57164dd0-7bf5-48f7-84e1-d66465754951","ts":"2026-04-08T02:53:47.348-04:00","source":{"id":"0","name":"eventBus"}}
{"__type":"$$EventMessageAudit","id":"59c18672-7c4e-41d3-a201-6e7bc7a50fc0","ts":"2026-04-08T02:53:55.151-04:00","eventName":"n8n.audit.workflow.updated","message":"n8n.audit.workflow.updated","payload":{"userId":"c3fbd19f-321c-46eb-868d-7c86f2ecf09e","_email":"ivan.duque@imagineapps.co","_firstName":"Ivan","_lastName":"Duque","globalRole":"global:owner","workflowId":"6kNka3VEj4uSHtPA","workflowName":"My workflow"}}
{"__type":"$$EventMessageConfirm","confirm":"59c18672-7c4e-41d3-a201-6e7bc7a50fc0","ts":"2026-04-08T02:53:55.151-04:00","source":{"id":"0","name":"eventBus"}}
{"__type":"$$EventMessageAudit","id":"4a8432ce-005f-4637-a815-0860919a132d","ts":"2026-04-08T02:54:06.382-04:00","eventName":"n8n.audit.workflow.updated","message":"n8n.audit.workflow.updated","payload":{"userId":"c3fbd19f-321c-46eb-868d-7c86f2ecf09e","_email":"ivan.duque@imagineapps.co","_firstName":"Ivan","_lastName":"Duque","globalRole":"global:owner","workflowId":"6kNka3VEj4uSHtPA","workflowName":"My workflow"}}
{"__type":"$$EventMessageConfirm","confirm":"4a8432ce-005f-4637-a815-0860919a132d","ts":"2026-04-08T02:54:06.382-04:00","source":{"id":"0","name":"eventBus"}}
{"__type":"$$EventMessageAudit","id":"5e4d6c6c-4cfc-484f-83d8-35bce895e02f","ts":"2026-04-08T02:54:08.154-04:00","eventName":"n8n.audit.workflow.updated","message":"n8n.audit.workflow.updated","payload":{"userId":"c3fbd19f-321c-46eb-868d-7c86f2ecf09e","_email":"ivan.duque@imagineapps.co","_firstName":"Ivan","_lastName":"Duque","globalRole":"global:owner","workflowId":"6kNka3VEj4uSHtPA","workflowName":"My workflow"}}
{"__type":"$$EventMessageConfirm","confirm":"5e4d6c6c-4cfc-484f-83d8-35bce895e02f","ts":"2026-04-08T02:54:08.154-04:00","source":{"id":"0","name":"eventBus"}}
{"__type":"$$EventMessageAudit","id":"8f4854b1-8212-45e5-b86c-78c34572b0a6","ts":"2026-04-08T02:54:15.453-04:00","eventName":"n8n.audit.workflow.updated","message":"n8n.audit.workflow.updated","payload":{"userId":"c3fbd19f-321c-46eb-868d-7c86f2ecf09e","_email":"ivan.duque@imagineapps.co","_firstName":"Ivan","_lastName":"Duque","globalRole":"global:owner","workflowId":"6kNka3VEj4uSHtPA","workflowName":"My workflow"}}
{"__type":"$$EventMessageConfirm","confirm":"8f4854b1-8212-45e5-b86c-78c34572b0a6","ts":"2026-04-08T02:54:15.453-04:00","source":{"id":"0","name":"eventBus"}}
{"__type":"$$EventMessageWorkflow","id":"4523a477-41d9-42c0-8409-6012090300ad","ts":"2026-04-08T02:54:18.259-04:00","eventName":"n8n.workflow.started","message":"n8n.workflow.started","payload":{"executionId":"45","workflowId":"6kNka3VEj4uSHtPA","isManual":false,"mode":"manual","workflowName":"My workflow"}}
{"__type":"$$EventMessageConfirm","confirm":"4523a477-41d9-42c0-8409-6012090300ad","ts":"2026-04-08T02:54:18.259-04:00","source":{"id":"0","name":"eventBus"}}
{"__type":"$$EventMessageAudit","id":"721cbac4-6a50-4e64-8936-df288fa88787","ts":"2026-04-08T02:54:18.260-04:00","eventName":"n8n.audit.workflow.executed","message":"n8n.audit.workflow.executed","payload":{"userId":"c3fbd19f-321c-46eb-868d-7c86f2ecf09e","_email":"ivan.duque@imagineapps.co","_firstName":"Ivan","_lastName":"Duque","globalRole":"global:owner","workflowId":"6kNka3VEj4uSHtPA","workflowName":"My workflow","executionId":"45","source":"user-manual"}}
{"__type":"$$EventMessageConfirm","confirm":"721cbac4-6a50-4e64-8936-df288fa88787","ts":"2026-04-08T02:54:18.260-04:00","source":{"id":"0","name":"eventBus"}}
{"__type":"$$EventMessageNode","id":"22c10324-39e1-4627-a085-f2c92f727052","ts":"2026-04-08T02:54:18.274-04:00","eventName":"n8n.node.started","message":"n8n.node.started","payload":{"workflowId":"6kNka3VEj4uSHtPA","workflowName":"My workflow","executionId":"45","nodeType":"n8n-nodes-base.twilio","nodeName":"Send an SMS/MMS/WhatsApp message","nodeId":"669a944b-d53a-4503-87c2-c5d1ec4e3092"}}
{"__type":"$$EventMessageConfirm","confirm":"22c10324-39e1-4627-a085-f2c92f727052","ts":"2026-04-08T02:54:18.274-04:00","source":{"id":"0","name":"eventBus"}}
{"__type":"$$EventMessageNode","id":"2612d63e-54f1-4c45-a26a-01b7792aa342","ts":"2026-04-08T02:54:18.320-04:00","eventName":"n8n.node.finished","message":"n8n.node.finished","payload":{"workflowId":"6kNka3VEj4uSHtPA","workflowName":"My workflow","executionId":"45","nodeType":"n8n-nodes-base.twilio","nodeName":"Send an SMS/MMS/WhatsApp message","nodeId":"669a944b-d53a-4503-87c2-c5d1ec4e3092"}}
{"__type":"$$EventMessageConfirm","confirm":"2612d63e-54f1-4c45-a26a-01b7792aa342","ts":"2026-04-08T02:54:18.320-04:00","source":{"id":"0","name":"eventBus"}}
{"__type":"$$EventMessageWorkflow","id":"be11391a-6a57-4a3b-805c-38c72576208d","ts":"2026-04-08T02:54:18.324-04:00","eventName":"n8n.workflow.failed","message":"n8n.workflow.failed","payload":{"userId":"c3fbd19f-321c-46eb-868d-7c86f2ecf09e","executionId":"45","success":false,"isManual":true,"mode":"manual","workflowId":"6kNka3VEj4uSHtPA","workflowName":"My workflow","lastNodeExecuted":"Send an SMS/MMS/WhatsApp message","errorNodeType":"n8n-nodes-base.twilio","errorMessage":"Node does not have any credentials set"}}
{"__type":"$$EventMessageConfirm","confirm":"be11391a-6a57-4a3b-805c-38c72576208d","ts":"2026-04-08T02:54:18.324-04:00","source":{"id":"0","name":"eventBus"}}
{"__type":"$$EventMessageAudit","id":"c883b70b-e136-4a00-8b19-ab3904d1671e","ts":"2026-04-08T02:55:33.628-04:00","eventName":"n8n.audit.user.credentials.created","message":"n8n.audit.user.credentials.created","payload":{"userId":"c3fbd19f-321c-46eb-868d-7c86f2ecf09e","_email":"ivan.duque@imagineapps.co","_firstName":"Ivan","_lastName":"Duque","globalRole":"global:owner","credentialType":"twilioApi","credentialId":"BVpiaBmvpSvnkhZq","publicApi":false,"projectId":"Qjv3TYbPmHN2GTBw","projectType":"personal","isDynamic":false}}
{"__type":"$$EventMessageConfirm","confirm":"c883b70b-e136-4a00-8b19-ab3904d1671e","ts":"2026-04-08T02:55:33.628-04:00","source":{"id":"0","name":"eventBus"}}
{"__type":"$$EventMessageAudit","id":"af689769-0476-46af-b691-2a4ed177fd67","ts":"2026-04-08T02:55:35.183-04:00","eventName":"n8n.audit.workflow.updated","message":"n8n.audit.workflow.updated","payload":{"userId":"c3fbd19f-321c-46eb-868d-7c86f2ecf09e","_email":"ivan.duque@imagineapps.co","_firstName":"Ivan","_lastName":"Duque","globalRole":"global:owner","workflowId":"6kNka3VEj4uSHtPA","workflowName":"My workflow"}}
{"__type":"$$EventMessageConfirm","confirm":"af689769-0476-46af-b691-2a4ed177fd67","ts":"2026-04-08T02:55:35.184-04:00","source":{"id":"0","name":"eventBus"}}
{"__type":"$$EventMessageWorkflow","id":"d3646b06-04d5-49d0-ba21-051981a6c017","ts":"2026-04-08T02:55:45.635-04:00","eventName":"n8n.workflow.started","message":"n8n.workflow.started","payload":{"executionId":"46","workflowId":"6kNka3VEj4uSHtPA","isManual":false,"mode":"manual","workflowName":"My workflow"}}
{"__type":"$$EventMessageConfirm","confirm":"d3646b06-04d5-49d0-ba21-051981a6c017","ts":"2026-04-08T02:55:45.636-04:00","source":{"id":"0","name":"eventBus"}}
{"__type":"$$EventMessageAudit","id":"6848c07c-f65d-4550-93d8-532709c24fb1","ts":"2026-04-08T02:55:45.636-04:00","eventName":"n8n.audit.workflow.executed","message":"n8n.audit.workflow.executed","payload":{"userId":"c3fbd19f-321c-46eb-868d-7c86f2ecf09e","_email":"ivan.duque@imagineapps.co","_firstName":"Ivan","_lastName":"Duque","globalRole":"global:owner","workflowId":"6kNka3VEj4uSHtPA","workflowName":"My workflow","executionId":"46","source":"user-manual"}}
{"__type":"$$EventMessageConfirm","confirm":"6848c07c-f65d-4550-93d8-532709c24fb1","ts":"2026-04-08T02:55:45.637-04:00","source":{"id":"0","name":"eventBus"}}
{"__type":"$$EventMessageNode","id":"b013c66a-0c94-46ce-a765-a00979b14f95","ts":"2026-04-08T02:55:45.647-04:00","eventName":"n8n.node.started","message":"n8n.node.started","payload":{"workflowId":"6kNka3VEj4uSHtPA","workflowName":"My workflow","executionId":"46","nodeType":"n8n-nodes-base.twilio","nodeName":"Send an SMS/MMS/WhatsApp message","nodeId":"669a944b-d53a-4503-87c2-c5d1ec4e3092"}}
{"__type":"$$EventMessageConfirm","confirm":"b013c66a-0c94-46ce-a765-a00979b14f95","ts":"2026-04-08T02:55:45.647-04:00","source":{"id":"0","name":"eventBus"}}
{"__type":"$$EventMessageNode","id":"ea1a712f-027d-43d1-9b96-2896538f1a79","ts":"2026-04-08T02:55:45.997-04:00","eventName":"n8n.node.finished","message":"n8n.node.finished","payload":{"workflowId":"6kNka3VEj4uSHtPA","workflowName":"My workflow","executionId":"46","nodeType":"n8n-nodes-base.twilio","nodeName":"Send an SMS/MMS/WhatsApp message","nodeId":"669a944b-d53a-4503-87c2-c5d1ec4e3092"}}
{"__type":"$$EventMessageConfirm","confirm":"ea1a712f-027d-43d1-9b96-2896538f1a79","ts":"2026-04-08T02:55:45.997-04:00","source":{"id":"0","name":"eventBus"}}
{"__type":"$$EventMessageWorkflow","id":"8a8664b0-c656-4a84-9e44-72f94930d3f4","ts":"2026-04-08T02:55:45.999-04:00","eventName":"n8n.workflow.failed","message":"n8n.workflow.failed","payload":{"userId":"c3fbd19f-321c-46eb-868d-7c86f2ecf09e","executionId":"46","success":false,"isManual":true,"mode":"manual","workflowId":"6kNka3VEj4uSHtPA","workflowName":"My workflow","lastNodeExecuted":"Send an SMS/MMS/WhatsApp message","errorNodeType":"n8n-nodes-base.twilio","errorMessage":"Authorization failed - please check your credentials"}}
{"__type":"$$EventMessageConfirm","confirm":"8a8664b0-c656-4a84-9e44-72f94930d3f4","ts":"2026-04-08T02:55:45.999-04:00","source":{"id":"0","name":"eventBus"}}
{"__type":"$$EventMessageAudit","id":"4d85151b-bacd-48a3-acf9-25562d616d97","ts":"2026-04-08T02:58:35.242-04:00","eventName":"n8n.audit.user.credentials.updated","message":"n8n.audit.user.credentials.updated","payload":{"userId":"c3fbd19f-321c-46eb-868d-7c86f2ecf09e","_email":"ivan.duque@imagineapps.co","_firstName":"Ivan","_lastName":"Duque","globalRole":"global:owner","credentialType":"twilioApi","credentialId":"BVpiaBmvpSvnkhZq","isDynamic":false}}
{"__type":"$$EventMessageConfirm","confirm":"4d85151b-bacd-48a3-acf9-25562d616d97","ts":"2026-04-08T02:58:35.242-04:00","source":{"id":"0","name":"eventBus"}}
{"__type":"$$EventMessageWorkflow","id":"5b0fd48b-6780-42ed-a543-fae751bf8be7","ts":"2026-04-08T02:58:39.566-04:00","eventName":"n8n.workflow.started","message":"n8n.workflow.started","payload":{"executionId":"47","workflowId":"6kNka3VEj4uSHtPA","isManual":false,"mode":"manual","workflowName":"My workflow"}}
{"__type":"$$EventMessageConfirm","confirm":"5b0fd48b-6780-42ed-a543-fae751bf8be7","ts":"2026-04-08T02:58:39.566-04:00","source":{"id":"0","name":"eventBus"}}
{"__type":"$$EventMessageAudit","id":"cf85183c-ea39-4e6a-8eee-74a3ee360309","ts":"2026-04-08T02:58:39.568-04:00","eventName":"n8n.audit.workflow.executed","message":"n8n.audit.workflow.executed","payload":{"userId":"c3fbd19f-321c-46eb-868d-7c86f2ecf09e","_email":"ivan.duque@imagineapps.co","_firstName":"Ivan","_lastName":"Duque","globalRole":"global:owner","workflowId":"6kNka3VEj4uSHtPA","workflowName":"My workflow","executionId":"47","source":"user-manual"}}
{"__type":"$$EventMessageConfirm","confirm":"cf85183c-ea39-4e6a-8eee-74a3ee360309","ts":"2026-04-08T02:58:39.568-04:00","source":{"id":"0","name":"eventBus"}}
{"__type":"$$EventMessageNode","id":"6488f519-087f-4792-bdf1-39028f09b439","ts":"2026-04-08T02:58:39.578-04:00","eventName":"n8n.node.started","message":"n8n.node.started","payload":{"workflowId":"6kNka3VEj4uSHtPA","workflowName":"My workflow","executionId":"47","nodeType":"n8n-nodes-base.twilio","nodeName":"Send an SMS/MMS/WhatsApp message","nodeId":"669a944b-d53a-4503-87c2-c5d1ec4e3092"}}
{"__type":"$$EventMessageConfirm","confirm":"6488f519-087f-4792-bdf1-39028f09b439","ts":"2026-04-08T02:58:39.578-04:00","source":{"id":"0","name":"eventBus"}}
{"__type":"$$EventMessageNode","id":"325465a4-3f34-4087-8a5f-4e7081b2d84a","ts":"2026-04-08T02:58:39.835-04:00","eventName":"n8n.node.finished","message":"n8n.node.finished","payload":{"workflowId":"6kNka3VEj4uSHtPA","workflowName":"My workflow","executionId":"47","nodeType":"n8n-nodes-base.twilio","nodeName":"Send an SMS/MMS/WhatsApp message","nodeId":"669a944b-d53a-4503-87c2-c5d1ec4e3092"}}
{"__type":"$$EventMessageConfirm","confirm":"325465a4-3f34-4087-8a5f-4e7081b2d84a","ts":"2026-04-08T02:58:39.835-04:00","source":{"id":"0","name":"eventBus"}}
{"__type":"$$EventMessageWorkflow","id":"28c9ae16-748e-4c53-8475-afa6f703ea79","ts":"2026-04-08T02:58:39.838-04:00","eventName":"n8n.workflow.failed","message":"n8n.workflow.failed","payload":{"userId":"c3fbd19f-321c-46eb-868d-7c86f2ecf09e","executionId":"47","success":false,"isManual":true,"mode":"manual","workflowId":"6kNka3VEj4uSHtPA","workflowName":"My workflow","lastNodeExecuted":"Send an SMS/MMS/WhatsApp message","errorNodeType":"n8n-nodes-base.twilio","errorMessage":"Authorization failed - please check your credentials"}}
{"__type":"$$EventMessageConfirm","confirm":"28c9ae16-748e-4c53-8475-afa6f703ea79","ts":"2026-04-08T02:58:39.838-04:00","source":{"id":"0","name":"eventBus"}}
{"__type":"$$EventMessageAudit","id":"d05a43d8-146c-4d26-a507-b94e20a761a6","ts":"2026-04-08T02:59:55.788-04:00","eventName":"n8n.audit.user.credentials.updated","message":"n8n.audit.user.credentials.updated","payload":{"userId":"c3fbd19f-321c-46eb-868d-7c86f2ecf09e","_email":"ivan.duque@imagineapps.co","_firstName":"Ivan","_lastName":"Duque","globalRole":"global:owner","credentialType":"twilioApi","credentialId":"BVpiaBmvpSvnkhZq","isDynamic":false}}
{"__type":"$$EventMessageConfirm","confirm":"d05a43d8-146c-4d26-a507-b94e20a761a6","ts":"2026-04-08T02:59:55.788-04:00","source":{"id":"0","name":"eventBus"}}
{"__type":"$$EventMessageWorkflow","id":"a48e8ada-0b4d-489a-8b08-5224e52f2dab","ts":"2026-04-08T02:59:58.818-04:00","eventName":"n8n.workflow.started","message":"n8n.workflow.started","payload":{"executionId":"48","workflowId":"6kNka3VEj4uSHtPA","isManual":false,"mode":"manual","workflowName":"My workflow"}}
{"__type":"$$EventMessageConfirm","confirm":"a48e8ada-0b4d-489a-8b08-5224e52f2dab","ts":"2026-04-08T02:59:58.818-04:00","source":{"id":"0","name":"eventBus"}}
{"__type":"$$EventMessageAudit","id":"f489ecec-5ffb-444a-a2c2-e6f7872f8c9e","ts":"2026-04-08T02:59:58.819-04:00","eventName":"n8n.audit.workflow.executed","message":"n8n.audit.workflow.executed","payload":{"userId":"c3fbd19f-321c-46eb-868d-7c86f2ecf09e","_email":"ivan.duque@imagineapps.co","_firstName":"Ivan","_lastName":"Duque","globalRole":"global:owner","workflowId":"6kNka3VEj4uSHtPA","workflowName":"My workflow","executionId":"48","source":"user-manual"}}
{"__type":"$$EventMessageConfirm","confirm":"f489ecec-5ffb-444a-a2c2-e6f7872f8c9e","ts":"2026-04-08T02:59:58.820-04:00","source":{"id":"0","name":"eventBus"}}
{"__type":"$$EventMessageNode","id":"b8d2aa79-45b8-4588-9e16-73b95ec6e085","ts":"2026-04-08T02:59:58.832-04:00","eventName":"n8n.node.started","message":"n8n.node.started","payload":{"workflowId":"6kNka3VEj4uSHtPA","workflowName":"My workflow","executionId":"48","nodeType":"n8n-nodes-base.twilio","nodeName":"Send an SMS/MMS/WhatsApp message","nodeId":"669a944b-d53a-4503-87c2-c5d1ec4e3092"}}
{"__type":"$$EventMessageConfirm","confirm":"b8d2aa79-45b8-4588-9e16-73b95ec6e085","ts":"2026-04-08T02:59:58.832-04:00","source":{"id":"0","name":"eventBus"}}
{"__type":"$$EventMessageNode","id":"54ff3319-6884-4c18-9ec0-d65434c41c93","ts":"2026-04-08T02:59:59.091-04:00","eventName":"n8n.node.finished","message":"n8n.node.finished","payload":{"workflowId":"6kNka3VEj4uSHtPA","workflowName":"My workflow","executionId":"48","nodeType":"n8n-nodes-base.twilio","nodeName":"Send an SMS/MMS/WhatsApp message","nodeId":"669a944b-d53a-4503-87c2-c5d1ec4e3092"}}
{"__type":"$$EventMessageConfirm","confirm":"54ff3319-6884-4c18-9ec0-d65434c41c93","ts":"2026-04-08T02:59:59.091-04:00","source":{"id":"0","name":"eventBus"}}
{"__type":"$$EventMessageWorkflow","id":"5d49fa45-67c1-4147-aa74-ecb56c81e6ce","ts":"2026-04-08T02:59:59.094-04:00","eventName":"n8n.workflow.failed","message":"n8n.workflow.failed","payload":{"userId":"c3fbd19f-321c-46eb-868d-7c86f2ecf09e","executionId":"48","success":false,"isManual":true,"mode":"manual","workflowId":"6kNka3VEj4uSHtPA","workflowName":"My workflow","lastNodeExecuted":"Send an SMS/MMS/WhatsApp message","errorNodeType":"n8n-nodes-base.twilio","errorMessage":"Authorization failed - please check your credentials"}}
{"__type":"$$EventMessageConfirm","confirm":"5d49fa45-67c1-4147-aa74-ecb56c81e6ce","ts":"2026-04-08T02:59:59.094-04:00","source":{"id":"0","name":"eventBus"}}
{"__type":"$$EventMessageWorkflow","id":"76cdd75c-bcd6-4ba5-85bb-ab829379f15c","ts":"2026-04-08T03:00:06.197-04:00","eventName":"n8n.workflow.started","message":"n8n.workflow.started","payload":{"executionId":"49","workflowId":"6kNka3VEj4uSHtPA","isManual":false,"mode":"manual","workflowName":"My workflow"}}
{"__type":"$$EventMessageConfirm","confirm":"76cdd75c-bcd6-4ba5-85bb-ab829379f15c","ts":"2026-04-08T03:00:06.197-04:00","source":{"id":"0","name":"eventBus"}}
{"__type":"$$EventMessageAudit","id":"8d920f47-bf1d-45e4-b4a3-40b8c2560801","ts":"2026-04-08T03:00:06.198-04:00","eventName":"n8n.audit.workflow.executed","message":"n8n.audit.workflow.executed","payload":{"userId":"c3fbd19f-321c-46eb-868d-7c86f2ecf09e","_email":"ivan.duque@imagineapps.co","_firstName":"Ivan","_lastName":"Duque","globalRole":"global:owner","workflowId":"6kNka3VEj4uSHtPA","workflowName":"My workflow","executionId":"49","source":"user-manual"}}
{"__type":"$$EventMessageConfirm","confirm":"8d920f47-bf1d-45e4-b4a3-40b8c2560801","ts":"2026-04-08T03:00:06.198-04:00","source":{"id":"0","name":"eventBus"}}
{"__type":"$$EventMessageNode","id":"a1d94838-cf4e-4f73-a05e-b7b6772a46c1","ts":"2026-04-08T03:00:06.211-04:00","eventName":"n8n.node.started","message":"n8n.node.started","payload":{"workflowId":"6kNka3VEj4uSHtPA","workflowName":"My workflow","executionId":"49","nodeType":"n8n-nodes-base.twilio","nodeName":"Send an SMS/MMS/WhatsApp message","nodeId":"669a944b-d53a-4503-87c2-c5d1ec4e3092"}}
{"__type":"$$EventMessageConfirm","confirm":"a1d94838-cf4e-4f73-a05e-b7b6772a46c1","ts":"2026-04-08T03:00:06.211-04:00","source":{"id":"0","name":"eventBus"}}
{"__type":"$$EventMessageNode","id":"d1af7e3e-96b6-4106-9069-ed0ab9758aad","ts":"2026-04-08T03:00:06.402-04:00","eventName":"n8n.node.finished","message":"n8n.node.finished","payload":{"workflowId":"6kNka3VEj4uSHtPA","workflowName":"My workflow","executionId":"49","nodeType":"n8n-nodes-base.twilio","nodeName":"Send an SMS/MMS/WhatsApp message","nodeId":"669a944b-d53a-4503-87c2-c5d1ec4e3092"}}
{"__type":"$$EventMessageConfirm","confirm":"d1af7e3e-96b6-4106-9069-ed0ab9758aad","ts":"2026-04-08T03:00:06.402-04:00","source":{"id":"0","name":"eventBus"}}
{"__type":"$$EventMessageWorkflow","id":"d6e5253a-7a9a-4646-9a44-e033ffc9ac37","ts":"2026-04-08T03:00:06.404-04:00","eventName":"n8n.workflow.failed","message":"n8n.workflow.failed","payload":{"userId":"c3fbd19f-321c-46eb-868d-7c86f2ecf09e","executionId":"49","success":false,"isManual":true,"mode":"manual","workflowId":"6kNka3VEj4uSHtPA","workflowName":"My workflow","lastNodeExecuted":"Send an SMS/MMS/WhatsApp message","errorNodeType":"n8n-nodes-base.twilio","errorMessage":"Authorization failed - please check your credentials"}}
{"__type":"$$EventMessageConfirm","confirm":"d6e5253a-7a9a-4646-9a44-e033ffc9ac37","ts":"2026-04-08T03:00:06.405-04:00","source":{"id":"0","name":"eventBus"}}
{"__type":"$$EventMessageAudit","id":"f6ac204f-6e11-48a1-8b99-f25d512bda3d","ts":"2026-04-08T03:00:57.224-04:00","eventName":"n8n.audit.user.credentials.updated","message":"n8n.audit.user.credentials.updated","payload":{"userId":"c3fbd19f-321c-46eb-868d-7c86f2ecf09e","_email":"ivan.duque@imagineapps.co","_firstName":"Ivan","_lastName":"Duque","globalRole":"global:owner","credentialType":"twilioApi","credentialId":"BVpiaBmvpSvnkhZq","isDynamic":false}}
{"__type":"$$EventMessageConfirm","confirm":"f6ac204f-6e11-48a1-8b99-f25d512bda3d","ts":"2026-04-08T03:00:57.224-04:00","source":{"id":"0","name":"eventBus"}}
{"__type":"$$EventMessageWorkflow","id":"4f526f5b-e9b8-457b-a1da-790933955396","ts":"2026-04-08T03:01:03.339-04:00","eventName":"n8n.workflow.started","message":"n8n.workflow.started","payload":{"executionId":"50","workflowId":"6kNka3VEj4uSHtPA","isManual":false,"mode":"manual","workflowName":"My workflow"}}
{"__type":"$$EventMessageConfirm","confirm":"4f526f5b-e9b8-457b-a1da-790933955396","ts":"2026-04-08T03:01:03.339-04:00","source":{"id":"0","name":"eventBus"}}
{"__type":"$$EventMessageAudit","id":"0afff17b-7c1e-4224-8122-4b1cddbd2435","ts":"2026-04-08T03:01:03.340-04:00","eventName":"n8n.audit.workflow.executed","message":"n8n.audit.workflow.executed","payload":{"userId":"c3fbd19f-321c-46eb-868d-7c86f2ecf09e","_email":"ivan.duque@imagineapps.co","_firstName":"Ivan","_lastName":"Duque","globalRole":"global:owner","workflowId":"6kNka3VEj4uSHtPA","workflowName":"My workflow","executionId":"50","source":"user-manual"}}
{"__type":"$$EventMessageConfirm","confirm":"0afff17b-7c1e-4224-8122-4b1cddbd2435","ts":"2026-04-08T03:01:03.340-04:00","source":{"id":"0","name":"eventBus"}}
{"__type":"$$EventMessageNode","id":"4b83e3ef-cac7-4078-8948-5c03deb9cb3e","ts":"2026-04-08T03:01:03.352-04:00","eventName":"n8n.node.started","message":"n8n.node.started","payload":{"workflowId":"6kNka3VEj4uSHtPA","workflowName":"My workflow","executionId":"50","nodeType":"n8n-nodes-base.httpRequest","nodeName":"HTTP Request","nodeId":"03b9fc8d-2cc2-4f83-903f-122e25ab4d73"}}
{"__type":"$$EventMessageConfirm","confirm":"4b83e3ef-cac7-4078-8948-5c03deb9cb3e","ts":"2026-04-08T03:01:03.352-04:00","source":{"id":"0","name":"eventBus"}}
{"__type":"$$EventMessageNode","id":"662aaae6-6494-4c10-85e0-7c262fd13790","ts":"2026-04-08T03:01:03.364-04:00","eventName":"n8n.node.finished","message":"n8n.node.finished","payload":{"workflowId":"6kNka3VEj4uSHtPA","workflowName":"My workflow","executionId":"50","nodeType":"n8n-nodes-base.httpRequest","nodeName":"HTTP Request","nodeId":"03b9fc8d-2cc2-4f83-903f-122e25ab4d73"}}
{"__type":"$$EventMessageConfirm","confirm":"662aaae6-6494-4c10-85e0-7c262fd13790","ts":"2026-04-08T03:01:03.364-04:00","source":{"id":"0","name":"eventBus"}}
{"__type":"$$EventMessageWorkflow","id":"d317aabc-7862-46a7-bdf4-f99723a94381","ts":"2026-04-08T03:01:03.368-04:00","eventName":"n8n.workflow.success","message":"n8n.workflow.success","payload":{"userId":"c3fbd19f-321c-46eb-868d-7c86f2ecf09e","executionId":"50","success":true,"isManual":true,"mode":"manual","workflowId":"6kNka3VEj4uSHtPA","workflowName":"My workflow"}}
{"__type":"$$EventMessageConfirm","confirm":"d317aabc-7862-46a7-bdf4-f99723a94381","ts":"2026-04-08T03:01:03.368-04:00","source":{"id":"0","name":"eventBus"}}
{"__type":"$$EventMessageWorkflow","id":"cfd4cf4e-1e92-4e22-a168-e17bb3a36cef","ts":"2026-04-08T03:01:13.549-04:00","eventName":"n8n.workflow.started","message":"n8n.workflow.started","payload":{"executionId":"51","workflowId":"6kNka3VEj4uSHtPA","isManual":false,"mode":"manual","workflowName":"My workflow"}}
{"__type":"$$EventMessageConfirm","confirm":"cfd4cf4e-1e92-4e22-a168-e17bb3a36cef","ts":"2026-04-08T03:01:13.549-04:00","source":{"id":"0","name":"eventBus"}}
{"__type":"$$EventMessageAudit","id":"848eece9-490a-495b-b55b-45ef131c8983","ts":"2026-04-08T03:01:13.551-04:00","eventName":"n8n.audit.workflow.executed","message":"n8n.audit.workflow.executed","payload":{"userId":"c3fbd19f-321c-46eb-868d-7c86f2ecf09e","_email":"ivan.duque@imagineapps.co","_firstName":"Ivan","_lastName":"Duque","globalRole":"global:owner","workflowId":"6kNka3VEj4uSHtPA","workflowName":"My workflow","executionId":"51","source":"user-manual"}}
{"__type":"$$EventMessageConfirm","confirm":"848eece9-490a-495b-b55b-45ef131c8983","ts":"2026-04-08T03:01:13.551-04:00","source":{"id":"0","name":"eventBus"}}
{"__type":"$$EventMessageNode","id":"325b5081-31e0-448f-bd78-35397999fd64","ts":"2026-04-08T03:01:13.562-04:00","eventName":"n8n.node.started","message":"n8n.node.started","payload":{"workflowId":"6kNka3VEj4uSHtPA","workflowName":"My workflow","executionId":"51","nodeType":"n8n-nodes-base.twilio","nodeName":"Send an SMS/MMS/WhatsApp message","nodeId":"669a944b-d53a-4503-87c2-c5d1ec4e3092"}}
{"__type":"$$EventMessageConfirm","confirm":"325b5081-31e0-448f-bd78-35397999fd64","ts":"2026-04-08T03:01:13.563-04:00","source":{"id":"0","name":"eventBus"}}
{"__type":"$$EventMessageNode","id":"56828bdc-9f7c-4393-9efb-bc4af219a6de","ts":"2026-04-08T03:01:13.989-04:00","eventName":"n8n.node.finished","message":"n8n.node.finished","payload":{"workflowId":"6kNka3VEj4uSHtPA","workflowName":"My workflow","executionId":"51","nodeType":"n8n-nodes-base.twilio","nodeName":"Send an SMS/MMS/WhatsApp message","nodeId":"669a944b-d53a-4503-87c2-c5d1ec4e3092"}}
{"__type":"$$EventMessageConfirm","confirm":"56828bdc-9f7c-4393-9efb-bc4af219a6de","ts":"2026-04-08T03:01:13.989-04:00","source":{"id":"0","name":"eventBus"}}
{"__type":"$$EventMessageWorkflow","id":"9735b01c-4ca9-4019-8a0d-209252966337","ts":"2026-04-08T03:01:13.992-04:00","eventName":"n8n.workflow.success","message":"n8n.workflow.success","payload":{"userId":"c3fbd19f-321c-46eb-868d-7c86f2ecf09e","executionId":"51","success":true,"isManual":true,"mode":"manual","workflowId":"6kNka3VEj4uSHtPA","workflowName":"My workflow"}}
{"__type":"$$EventMessageConfirm","confirm":"9735b01c-4ca9-4019-8a0d-209252966337","ts":"2026-04-08T03:01:13.992-04:00","source":{"id":"0","name":"eventBus"}}
{"__type":"$$EventMessageAudit","id":"37153aa6-1492-4663-beff-8a9981c0050d","ts":"2026-04-08T03:01:50.296-04:00","eventName":"n8n.audit.workflow.updated","message":"n8n.audit.workflow.updated","payload":{"userId":"c3fbd19f-321c-46eb-868d-7c86f2ecf09e","_email":"ivan.duque@imagineapps.co","_firstName":"Ivan","_lastName":"Duque","globalRole":"global:owner","workflowId":"6kNka3VEj4uSHtPA","workflowName":"My workflow"}}
{"__type":"$$EventMessageConfirm","confirm":"37153aa6-1492-4663-beff-8a9981c0050d","ts":"2026-04-08T03:01:50.296-04:00","source":{"id":"0","name":"eventBus"}}
{"__type":"$$EventMessageAudit","id":"94dae951-0b75-4b7c-9ba8-137a6973e485","ts":"2026-04-08T03:02:05.821-04:00","eventName":"n8n.audit.workflow.updated","message":"n8n.audit.workflow.updated","payload":{"userId":"c3fbd19f-321c-46eb-868d-7c86f2ecf09e","_email":"ivan.duque@imagineapps.co","_firstName":"Ivan","_lastName":"Duque","globalRole":"global:owner","workflowId":"6kNka3VEj4uSHtPA","workflowName":"My workflow"}}
{"__type":"$$EventMessageConfirm","confirm":"94dae951-0b75-4b7c-9ba8-137a6973e485","ts":"2026-04-08T03:02:05.822-04:00","source":{"id":"0","name":"eventBus"}}
{"__type":"$$EventMessageAudit","id":"52b6b036-0e71-4a0a-8203-a6309aeac74e","ts":"2026-04-08T03:02:09.085-04:00","eventName":"n8n.audit.workflow.updated","message":"n8n.audit.workflow.updated","payload":{"userId":"c3fbd19f-321c-46eb-868d-7c86f2ecf09e","_email":"ivan.duque@imagineapps.co","_firstName":"Ivan","_lastName":"Duque","globalRole":"global:owner","workflowId":"6kNka3VEj4uSHtPA","workflowName":"My workflow"}}
{"__type":"$$EventMessageConfirm","confirm":"52b6b036-0e71-4a0a-8203-a6309aeac74e","ts":"2026-04-08T03:02:09.085-04:00","source":{"id":"0","name":"eventBus"}}
{"__type":"$$EventMessageAudit","id":"16578857-e415-40bf-b0b7-21f6bc60f882","ts":"2026-04-08T03:02:13.560-04:00","eventName":"n8n.audit.workflow.updated","message":"n8n.audit.workflow.updated","payload":{"userId":"c3fbd19f-321c-46eb-868d-7c86f2ecf09e","_email":"ivan.duque@imagineapps.co","_firstName":"Ivan","_lastName":"Duque","globalRole":"global:owner","workflowId":"6kNka3VEj4uSHtPA","workflowName":"My workflow"}}
{"__type":"$$EventMessageConfirm","confirm":"16578857-e415-40bf-b0b7-21f6bc60f882","ts":"2026-04-08T03:02:13.560-04:00","source":{"id":"0","name":"eventBus"}}
{"__type":"$$EventMessageAudit","id":"b34fe6f5-b3b0-4aac-aa57-250ab5f1c125","ts":"2026-04-08T03:02:21.229-04:00","eventName":"n8n.audit.workflow.updated","message":"n8n.audit.workflow.updated","payload":{"userId":"c3fbd19f-321c-46eb-868d-7c86f2ecf09e","_email":"ivan.duque@imagineapps.co","_firstName":"Ivan","_lastName":"Duque","globalRole":"global:owner","workflowId":"6kNka3VEj4uSHtPA","workflowName":"My workflow"}}
{"__type":"$$EventMessageConfirm","confirm":"b34fe6f5-b3b0-4aac-aa57-250ab5f1c125","ts":"2026-04-08T03:02:21.229-04:00","source":{"id":"0","name":"eventBus"}}
{"__type":"$$EventMessageAudit","id":"795e7572-cff2-4746-885f-4a26a818de12","ts":"2026-04-08T03:02:22.900-04:00","eventName":"n8n.audit.workflow.updated","message":"n8n.audit.workflow.updated","payload":{"userId":"c3fbd19f-321c-46eb-868d-7c86f2ecf09e","_email":"ivan.duque@imagineapps.co","_firstName":"Ivan","_lastName":"Duque","globalRole":"global:owner","workflowId":"6kNka3VEj4uSHtPA","workflowName":"My workflow"}}
{"__type":"$$EventMessageConfirm","confirm":"795e7572-cff2-4746-885f-4a26a818de12","ts":"2026-04-08T03:02:22.900-04:00","source":{"id":"0","name":"eventBus"}}
{"__type":"$$EventMessageAudit","id":"45c6bed6-94f7-4fea-a8f9-4b829ed3f60e","ts":"2026-04-08T03:02:24.749-04:00","eventName":"n8n.audit.workflow.updated","message":"n8n.audit.workflow.updated","payload":{"userId":"c3fbd19f-321c-46eb-868d-7c86f2ecf09e","_email":"ivan.duque@imagineapps.co","_firstName":"Ivan","_lastName":"Duque","globalRole":"global:owner","workflowId":"6kNka3VEj4uSHtPA","workflowName":"My workflow"}}
{"__type":"$$EventMessageConfirm","confirm":"45c6bed6-94f7-4fea-a8f9-4b829ed3f60e","ts":"2026-04-08T03:02:24.749-04:00","source":{"id":"0","name":"eventBus"}}
{"__type":"$$EventMessageWorkflow","id":"702ffdbf-d83e-4cc7-8381-6103059586c1","ts":"2026-04-08T03:02:30.892-04:00","eventName":"n8n.workflow.started","message":"n8n.workflow.started","payload":{"executionId":"52","workflowId":"6kNka3VEj4uSHtPA","isManual":false,"mode":"manual","workflowName":"My workflow"}}
{"__type":"$$EventMessageConfirm","confirm":"702ffdbf-d83e-4cc7-8381-6103059586c1","ts":"2026-04-08T03:02:30.892-04:00","source":{"id":"0","name":"eventBus"}}
{"__type":"$$EventMessageAudit","id":"99b60a18-9f79-432b-a650-8fe318093ca1","ts":"2026-04-08T03:02:30.894-04:00","eventName":"n8n.audit.workflow.executed","message":"n8n.audit.workflow.executed","payload":{"userId":"c3fbd19f-321c-46eb-868d-7c86f2ecf09e","_email":"ivan.duque@imagineapps.co","_firstName":"Ivan","_lastName":"Duque","globalRole":"global:owner","workflowId":"6kNka3VEj4uSHtPA","workflowName":"My workflow","executionId":"52","source":"user-manual"}}
{"__type":"$$EventMessageConfirm","confirm":"99b60a18-9f79-432b-a650-8fe318093ca1","ts":"2026-04-08T03:02:30.894-04:00","source":{"id":"0","name":"eventBus"}}
{"__type":"$$EventMessageNode","id":"2fa1e65b-f38e-4c64-8593-b730a30c09cb","ts":"2026-04-08T03:02:30.906-04:00","eventName":"n8n.node.started","message":"n8n.node.started","payload":{"workflowId":"6kNka3VEj4uSHtPA","workflowName":"My workflow","executionId":"52","nodeType":"n8n-nodes-base.switch","nodeName":"Switch","nodeId":"665fbcb0-6165-47cc-b5ed-3f71ce7d94c7"}}
{"__type":"$$EventMessageConfirm","confirm":"2fa1e65b-f38e-4c64-8593-b730a30c09cb","ts":"2026-04-08T03:02:30.907-04:00","source":{"id":"0","name":"eventBus"}}
{"__type":"$$EventMessageNode","id":"fadac6d6-e968-4b5f-aea1-34c014620e2e","ts":"2026-04-08T03:02:30.918-04:00","eventName":"n8n.node.finished","message":"n8n.node.finished","payload":{"workflowId":"6kNka3VEj4uSHtPA","workflowName":"My workflow","executionId":"52","nodeType":"n8n-nodes-base.switch","nodeName":"Switch","nodeId":"665fbcb0-6165-47cc-b5ed-3f71ce7d94c7"}}
{"__type":"$$EventMessageConfirm","confirm":"fadac6d6-e968-4b5f-aea1-34c014620e2e","ts":"2026-04-08T03:02:30.918-04:00","source":{"id":"0","name":"eventBus"}}
{"__type":"$$EventMessageWorkflow","id":"5100cc69-db9c-421e-86a1-357fbf16efdc","ts":"2026-04-08T03:02:30.921-04:00","eventName":"n8n.workflow.success","message":"n8n.workflow.success","payload":{"userId":"c3fbd19f-321c-46eb-868d-7c86f2ecf09e","executionId":"52","success":true,"isManual":true,"mode":"manual","workflowId":"6kNka3VEj4uSHtPA","workflowName":"My workflow"}}
{"__type":"$$EventMessageConfirm","confirm":"5100cc69-db9c-421e-86a1-357fbf16efdc","ts":"2026-04-08T03:02:30.922-04:00","source":{"id":"0","name":"eventBus"}}
{"__type":"$$EventMessageAudit","id":"d13e2001-c780-4326-af7b-ae35998bb6cf","ts":"2026-04-08T03:02:41.940-04:00","eventName":"n8n.audit.workflow.updated","message":"n8n.audit.workflow.updated","payload":{"userId":"c3fbd19f-321c-46eb-868d-7c86f2ecf09e","_email":"ivan.duque@imagineapps.co","_firstName":"Ivan","_lastName":"Duque","globalRole":"global:owner","workflowId":"6kNka3VEj4uSHtPA","workflowName":"My workflow"}}
{"__type":"$$EventMessageConfirm","confirm":"d13e2001-c780-4326-af7b-ae35998bb6cf","ts":"2026-04-08T03:02:41.941-04:00","source":{"id":"0","name":"eventBus"}}
{"__type":"$$EventMessageWorkflow","id":"0a77ef42-2136-4736-9700-79789a890486","ts":"2026-04-08T03:03:04.855-04:00","eventName":"n8n.workflow.started","message":"n8n.workflow.started","payload":{"executionId":"53","workflowId":"6kNka3VEj4uSHtPA","isManual":false,"mode":"manual","workflowName":"My workflow"}}
{"__type":"$$EventMessageConfirm","confirm":"0a77ef42-2136-4736-9700-79789a890486","ts":"2026-04-08T03:03:04.856-04:00","source":{"id":"0","name":"eventBus"}}
{"__type":"$$EventMessageAudit","id":"f1a025e7-1b8e-4ee6-9d74-261118fd4b82","ts":"2026-04-08T03:03:04.856-04:00","eventName":"n8n.audit.workflow.executed","message":"n8n.audit.workflow.executed","payload":{"userId":"c3fbd19f-321c-46eb-868d-7c86f2ecf09e","_email":"ivan.duque@imagineapps.co","_firstName":"Ivan","_lastName":"Duque","globalRole":"global:owner","workflowId":"6kNka3VEj4uSHtPA","workflowName":"My workflow","executionId":"53","source":"user-manual"}}
{"__type":"$$EventMessageConfirm","confirm":"f1a025e7-1b8e-4ee6-9d74-261118fd4b82","ts":"2026-04-08T03:03:04.857-04:00","source":{"id":"0","name":"eventBus"}}
{"__type":"$$EventMessageNode","id":"03a756c7-c09c-4d8b-a546-e1d1e26b8653","ts":"2026-04-08T03:03:04.867-04:00","eventName":"n8n.node.started","message":"n8n.node.started","payload":{"workflowId":"6kNka3VEj4uSHtPA","workflowName":"My workflow","executionId":"53","nodeType":"n8n-nodes-base.postgresTrigger","nodeName":"Postgres Trigger","nodeId":"f75f3f76-7c21-402b-a43b-5a879b710dfe"}}
{"__type":"$$EventMessageConfirm","confirm":"03a756c7-c09c-4d8b-a546-e1d1e26b8653","ts":"2026-04-08T03:03:04.867-04:00","source":{"id":"0","name":"eventBus"}}
{"__type":"$$EventMessageNode","id":"3e2038a1-bed5-4dc0-9573-607aec070716","ts":"2026-04-08T03:03:11.313-04:00","eventName":"n8n.node.finished","message":"n8n.node.finished","payload":{"workflowId":"6kNka3VEj4uSHtPA","workflowName":"My workflow","executionId":"53","nodeType":"n8n-nodes-base.postgresTrigger","nodeName":"Postgres Trigger","nodeId":"f75f3f76-7c21-402b-a43b-5a879b710dfe"}}
{"__type":"$$EventMessageConfirm","confirm":"3e2038a1-bed5-4dc0-9573-607aec070716","ts":"2026-04-08T03:03:11.313-04:00","source":{"id":"0","name":"eventBus"}}
{"__type":"$$EventMessageNode","id":"369396af-4691-4d4f-b72d-d652492a1219","ts":"2026-04-08T03:03:11.314-04:00","eventName":"n8n.node.started","message":"n8n.node.started","payload":{"workflowId":"6kNka3VEj4uSHtPA","workflowName":"My workflow","executionId":"53","nodeType":"n8n-nodes-base.httpRequest","nodeName":"HTTP Request","nodeId":"03b9fc8d-2cc2-4f83-903f-122e25ab4d73"}}
{"__type":"$$EventMessageConfirm","confirm":"369396af-4691-4d4f-b72d-d652492a1219","ts":"2026-04-08T03:03:11.314-04:00","source":{"id":"0","name":"eventBus"}}
{"__type":"$$EventMessageNode","id":"8cc0698c-6220-4569-a5e3-b194e4f19a81","ts":"2026-04-08T03:03:11.326-04:00","eventName":"n8n.node.finished","message":"n8n.node.finished","payload":{"workflowId":"6kNka3VEj4uSHtPA","workflowName":"My workflow","executionId":"53","nodeType":"n8n-nodes-base.httpRequest","nodeName":"HTTP Request","nodeId":"03b9fc8d-2cc2-4f83-903f-122e25ab4d73"}}
{"__type":"$$EventMessageConfirm","confirm":"8cc0698c-6220-4569-a5e3-b194e4f19a81","ts":"2026-04-08T03:03:11.326-04:00","source":{"id":"0","name":"eventBus"}}
{"__type":"$$EventMessageNode","id":"a4ba9dbf-6cdb-4de6-b456-d9b5eefc7d09","ts":"2026-04-08T03:03:11.327-04:00","eventName":"n8n.node.started","message":"n8n.node.started","payload":{"workflowId":"6kNka3VEj4uSHtPA","workflowName":"My workflow","executionId":"53","nodeType":"n8n-nodes-base.switch","nodeName":"Switch","nodeId":"665fbcb0-6165-47cc-b5ed-3f71ce7d94c7"}}
{"__type":"$$EventMessageConfirm","confirm":"a4ba9dbf-6cdb-4de6-b456-d9b5eefc7d09","ts":"2026-04-08T03:03:11.327-04:00","source":{"id":"0","name":"eventBus"}}
{"__type":"$$EventMessageNode","id":"58550fa1-131c-4ee5-9e43-d84d693c8c9b","ts":"2026-04-08T03:03:11.330-04:00","eventName":"n8n.node.finished","message":"n8n.node.finished","payload":{"workflowId":"6kNka3VEj4uSHtPA","workflowName":"My workflow","executionId":"53","nodeType":"n8n-nodes-base.switch","nodeName":"Switch","nodeId":"665fbcb0-6165-47cc-b5ed-3f71ce7d94c7"}}
{"__type":"$$EventMessageConfirm","confirm":"58550fa1-131c-4ee5-9e43-d84d693c8c9b","ts":"2026-04-08T03:03:11.331-04:00","source":{"id":"0","name":"eventBus"}}
{"__type":"$$EventMessageNode","id":"4bd69e32-07f1-49f3-b58f-8da1f292c5b9","ts":"2026-04-08T03:03:11.332-04:00","eventName":"n8n.node.started","message":"n8n.node.started","payload":{"workflowId":"6kNka3VEj4uSHtPA","workflowName":"My workflow","executionId":"53","nodeType":"n8n-nodes-base.twilio","nodeName":"Send an SMS/MMS/WhatsApp message","nodeId":"669a944b-d53a-4503-87c2-c5d1ec4e3092"}}
{"__type":"$$EventMessageConfirm","confirm":"4bd69e32-07f1-49f3-b58f-8da1f292c5b9","ts":"2026-04-08T03:03:11.332-04:00","source":{"id":"0","name":"eventBus"}}
{"__type":"$$EventMessageNode","id":"06c14e39-76e5-4446-b107-167309d782ac","ts":"2026-04-08T03:03:11.734-04:00","eventName":"n8n.node.finished","message":"n8n.node.finished","payload":{"workflowId":"6kNka3VEj4uSHtPA","workflowName":"My workflow","executionId":"53","nodeType":"n8n-nodes-base.twilio","nodeName":"Send an SMS/MMS/WhatsApp message","nodeId":"669a944b-d53a-4503-87c2-c5d1ec4e3092"}}
{"__type":"$$EventMessageConfirm","confirm":"06c14e39-76e5-4446-b107-167309d782ac","ts":"2026-04-08T03:03:11.734-04:00","source":{"id":"0","name":"eventBus"}}
{"__type":"$$EventMessageWorkflow","id":"04f8571b-0a79-4300-9d9c-6cab0e12b0dc","ts":"2026-04-08T03:03:11.736-04:00","eventName":"n8n.workflow.success","message":"n8n.workflow.success","payload":{"userId":"c3fbd19f-321c-46eb-868d-7c86f2ecf09e","executionId":"53","success":true,"isManual":true,"mode":"manual","workflowId":"6kNka3VEj4uSHtPA","workflowName":"My workflow"}}
{"__type":"$$EventMessageConfirm","confirm":"04f8571b-0a79-4300-9d9c-6cab0e12b0dc","ts":"2026-04-08T03:03:11.736-04:00","source":{"id":"0","name":"eventBus"}}
{"__type":"$$EventMessageWorkflow","id":"acfafefa-75f7-4799-984c-b588c99f2cc0","ts":"2026-04-08T03:05:02.032-04:00","eventName":"n8n.workflow.started","message":"n8n.workflow.started","payload":{"executionId":"54","workflowId":"6kNka3VEj4uSHtPA","isManual":false,"mode":"manual","workflowName":"My workflow"}}
{"__type":"$$EventMessageConfirm","confirm":"acfafefa-75f7-4799-984c-b588c99f2cc0","ts":"2026-04-08T03:05:02.033-04:00","source":{"id":"0","name":"eventBus"}}
{"__type":"$$EventMessageAudit","id":"f0c78c00-6347-40fe-a207-fe8a81165f52","ts":"2026-04-08T03:05:02.033-04:00","eventName":"n8n.audit.workflow.executed","message":"n8n.audit.workflow.executed","payload":{"userId":"c3fbd19f-321c-46eb-868d-7c86f2ecf09e","_email":"ivan.duque@imagineapps.co","_firstName":"Ivan","_lastName":"Duque","globalRole":"global:owner","workflowId":"6kNka3VEj4uSHtPA","workflowName":"My workflow","executionId":"54","source":"user-manual"}}
{"__type":"$$EventMessageConfirm","confirm":"f0c78c00-6347-40fe-a207-fe8a81165f52","ts":"2026-04-08T03:05:02.033-04:00","source":{"id":"0","name":"eventBus"}}
{"__type":"$$EventMessageNode","id":"439a483a-c05f-44a3-9f73-6ebf2163ac66","ts":"2026-04-08T03:05:02.043-04:00","eventName":"n8n.node.started","message":"n8n.node.started","payload":{"workflowId":"6kNka3VEj4uSHtPA","workflowName":"My workflow","executionId":"54","nodeType":"n8n-nodes-base.postgresTrigger","nodeName":"Postgres Trigger","nodeId":"f75f3f76-7c21-402b-a43b-5a879b710dfe"}}
{"__type":"$$EventMessageConfirm","confirm":"439a483a-c05f-44a3-9f73-6ebf2163ac66","ts":"2026-04-08T03:05:02.043-04:00","source":{"id":"0","name":"eventBus"}}
{"__type":"$$EventMessageWorkflow","id":"ce8e1a79-afeb-4fa5-8a47-3df1eae47424","ts":"2026-04-08T03:05:04.787-04:00","eventName":"n8n.workflow.cancelled","message":"n8n.workflow.cancelled","payload":{"executionId":"54","workflowId":"6kNka3VEj4uSHtPA","workflowName":"My workflow","reason":"manual"}}
{"__type":"$$EventMessageConfirm","confirm":"ce8e1a79-afeb-4fa5-8a47-3df1eae47424","ts":"2026-04-08T03:05:04.787-04:00","source":{"id":"0","name":"eventBus"}}
{"__type":"$$EventMessageWorkflow","id":"622fa94b-6b9e-4164-a106-e9c271167a0a","ts":"2026-04-08T03:05:04.789-04:00","eventName":"n8n.workflow.failed","message":"n8n.workflow.failed","payload":{"userId":"c3fbd19f-321c-46eb-868d-7c86f2ecf09e","executionId":"54","success":false,"isManual":true,"mode":"manual","workflowId":"6kNka3VEj4uSHtPA","workflowName":"My workflow"}}
{"__type":"$$EventMessageConfirm","confirm":"622fa94b-6b9e-4164-a106-e9c271167a0a","ts":"2026-04-08T03:05:04.789-04:00","source":{"id":"0","name":"eventBus"}}
{"__type":"$$EventMessageAudit","id":"79117833-0191-48c8-9c99-6fa4310a4bbc","ts":"2026-04-08T03:06:46.280-04:00","eventName":"n8n.audit.workflow.updated","message":"n8n.audit.workflow.updated","payload":{"userId":"c3fbd19f-321c-46eb-868d-7c86f2ecf09e","_email":"ivan.duque@imagineapps.co","_firstName":"Ivan","_lastName":"Duque","globalRole":"global:owner","workflowId":"6kNka3VEj4uSHtPA","workflowName":"Challenge 1"}}
{"__type":"$$EventMessageConfirm","confirm":"79117833-0191-48c8-9c99-6fa4310a4bbc","ts":"2026-04-08T03:06:46.281-04:00","source":{"id":"0","name":"eventBus"}}
{"__type":"$$EventMessageWorkflow","id":"2e351ebd-d077-4adf-b66a-f46200a25b56","ts":"2026-04-08T03:08:55.059-04:00","eventName":"n8n.workflow.started","message":"n8n.workflow.started","payload":{"executionId":"55","workflowId":"6kNka3VEj4uSHtPA","isManual":false,"mode":"manual","workflowName":"Challenge 1"}}
{"__type":"$$EventMessageConfirm","confirm":"2e351ebd-d077-4adf-b66a-f46200a25b56","ts":"2026-04-08T03:08:55.060-04:00","source":{"id":"0","name":"eventBus"}}
{"__type":"$$EventMessageAudit","id":"5769d21f-ea5a-49ad-b013-a33a39606302","ts":"2026-04-08T03:08:55.060-04:00","eventName":"n8n.audit.workflow.executed","message":"n8n.audit.workflow.executed","payload":{"userId":"c3fbd19f-321c-46eb-868d-7c86f2ecf09e","_email":"ivan.duque@imagineapps.co","_firstName":"Ivan","_lastName":"Duque","globalRole":"global:owner","workflowId":"6kNka3VEj4uSHtPA","workflowName":"Challenge 1","executionId":"55","source":"user-manual"}}
{"__type":"$$EventMessageConfirm","confirm":"5769d21f-ea5a-49ad-b013-a33a39606302","ts":"2026-04-08T03:08:55.060-04:00","source":{"id":"0","name":"eventBus"}}
{"__type":"$$EventMessageNode","id":"e746570d-1881-4119-a80c-42605b746473","ts":"2026-04-08T03:08:55.069-04:00","eventName":"n8n.node.started","message":"n8n.node.started","payload":{"workflowId":"6kNka3VEj4uSHtPA","workflowName":"Challenge 1","executionId":"55","nodeType":"n8n-nodes-base.postgresTrigger","nodeName":"Postgres Trigger","nodeId":"f75f3f76-7c21-402b-a43b-5a879b710dfe"}}
{"__type":"$$EventMessageConfirm","confirm":"e746570d-1881-4119-a80c-42605b746473","ts":"2026-04-08T03:08:55.069-04:00","source":{"id":"0","name":"eventBus"}}
{"__type":"$$EventMessageNode","id":"ed62f109-9293-43bf-8f2d-cddcfb5b86b7","ts":"2026-04-08T03:09:05.862-04:00","eventName":"n8n.node.finished","message":"n8n.node.finished","payload":{"workflowId":"6kNka3VEj4uSHtPA","workflowName":"Challenge 1","executionId":"55","nodeType":"n8n-nodes-base.postgresTrigger","nodeName":"Postgres Trigger","nodeId":"f75f3f76-7c21-402b-a43b-5a879b710dfe"}}
{"__type":"$$EventMessageConfirm","confirm":"ed62f109-9293-43bf-8f2d-cddcfb5b86b7","ts":"2026-04-08T03:09:05.863-04:00","source":{"id":"0","name":"eventBus"}}
{"__type":"$$EventMessageNode","id":"08dfb902-165a-4293-99aa-0682a04ed6fe","ts":"2026-04-08T03:09:05.863-04:00","eventName":"n8n.node.started","message":"n8n.node.started","payload":{"workflowId":"6kNka3VEj4uSHtPA","workflowName":"Challenge 1","executionId":"55","nodeType":"n8n-nodes-base.httpRequest","nodeName":"HTTP Request","nodeId":"03b9fc8d-2cc2-4f83-903f-122e25ab4d73"}}
{"__type":"$$EventMessageConfirm","confirm":"08dfb902-165a-4293-99aa-0682a04ed6fe","ts":"2026-04-08T03:09:05.864-04:00","source":{"id":"0","name":"eventBus"}}
{"__type":"$$EventMessageNode","id":"e329fcaf-95d7-468a-8735-14c499ac6632","ts":"2026-04-08T03:09:05.878-04:00","eventName":"n8n.node.finished","message":"n8n.node.finished","payload":{"workflowId":"6kNka3VEj4uSHtPA","workflowName":"Challenge 1","executionId":"55","nodeType":"n8n-nodes-base.httpRequest","nodeName":"HTTP Request","nodeId":"03b9fc8d-2cc2-4f83-903f-122e25ab4d73"}}
{"__type":"$$EventMessageConfirm","confirm":"e329fcaf-95d7-468a-8735-14c499ac6632","ts":"2026-04-08T03:09:05.879-04:00","source":{"id":"0","name":"eventBus"}}
{"__type":"$$EventMessageNode","id":"f486f05b-d85f-4dec-97a5-6d73b46faf7a","ts":"2026-04-08T03:09:05.879-04:00","eventName":"n8n.node.started","message":"n8n.node.started","payload":{"workflowId":"6kNka3VEj4uSHtPA","workflowName":"Challenge 1","executionId":"55","nodeType":"n8n-nodes-base.switch","nodeName":"Switch","nodeId":"665fbcb0-6165-47cc-b5ed-3f71ce7d94c7"}}
{"__type":"$$EventMessageConfirm","confirm":"f486f05b-d85f-4dec-97a5-6d73b46faf7a","ts":"2026-04-08T03:09:05.879-04:00","source":{"id":"0","name":"eventBus"}}
{"__type":"$$EventMessageNode","id":"7a8a232f-4353-4e5e-b36d-3cd6afa8dacb","ts":"2026-04-08T03:09:05.883-04:00","eventName":"n8n.node.finished","message":"n8n.node.finished","payload":{"workflowId":"6kNka3VEj4uSHtPA","workflowName":"Challenge 1","executionId":"55","nodeType":"n8n-nodes-base.switch","nodeName":"Switch","nodeId":"665fbcb0-6165-47cc-b5ed-3f71ce7d94c7"}}
{"__type":"$$EventMessageConfirm","confirm":"7a8a232f-4353-4e5e-b36d-3cd6afa8dacb","ts":"2026-04-08T03:09:05.884-04:00","source":{"id":"0","name":"eventBus"}}
{"__type":"$$EventMessageNode","id":"732d73b1-6789-4efe-abeb-1a06279699ed","ts":"2026-04-08T03:09:05.884-04:00","eventName":"n8n.node.started","message":"n8n.node.started","payload":{"workflowId":"6kNka3VEj4uSHtPA","workflowName":"Challenge 1","executionId":"55","nodeType":"n8n-nodes-base.twilio","nodeName":"Send an SMS/MMS/WhatsApp message","nodeId":"669a944b-d53a-4503-87c2-c5d1ec4e3092"}}
{"__type":"$$EventMessageConfirm","confirm":"732d73b1-6789-4efe-abeb-1a06279699ed","ts":"2026-04-08T03:09:05.884-04:00","source":{"id":"0","name":"eventBus"}}
{"__type":"$$EventMessageNode","id":"f1697395-1cd2-4731-9cab-a783fbe8ecbe","ts":"2026-04-08T03:09:06.293-04:00","eventName":"n8n.node.finished","message":"n8n.node.finished","payload":{"workflowId":"6kNka3VEj4uSHtPA","workflowName":"Challenge 1","executionId":"55","nodeType":"n8n-nodes-base.twilio","nodeName":"Send an SMS/MMS/WhatsApp message","nodeId":"669a944b-d53a-4503-87c2-c5d1ec4e3092"}}
{"__type":"$$EventMessageConfirm","confirm":"f1697395-1cd2-4731-9cab-a783fbe8ecbe","ts":"2026-04-08T03:09:06.293-04:00","source":{"id":"0","name":"eventBus"}}
{"__type":"$$EventMessageWorkflow","id":"5beea466-69b2-4eba-878b-7d112babf93f","ts":"2026-04-08T03:09:06.295-04:00","eventName":"n8n.workflow.success","message":"n8n.workflow.success","payload":{"userId":"c3fbd19f-321c-46eb-868d-7c86f2ecf09e","executionId":"55","success":true,"isManual":true,"mode":"manual","workflowId":"6kNka3VEj4uSHtPA","workflowName":"Challenge 1"}}
{"__type":"$$EventMessageConfirm","confirm":"5beea466-69b2-4eba-878b-7d112babf93f","ts":"2026-04-08T03:09:06.295-04:00","source":{"id":"0","name":"eventBus"}}
{"__type":"$$EventMessageAudit","id":"e8b15dfa-aaf8-439e-a4b3-8c4e2b27a519","ts":"2026-04-08T03:13:10.780-04:00","eventName":"n8n.audit.workflow.updated","message":"n8n.audit.workflow.updated","payload":{"userId":"c3fbd19f-321c-46eb-868d-7c86f2ecf09e","_email":"ivan.duque@imagineapps.co","_firstName":"Ivan","_lastName":"Duque","globalRole":"global:owner","workflowId":"6kNka3VEj4uSHtPA","workflowName":"Challenge_1"}}
{"__type":"$$EventMessageConfirm","confirm":"e8b15dfa-aaf8-439e-a4b3-8c4e2b27a519","ts":"2026-04-08T03:13:10.781-04:00","source":{"id":"0","name":"eventBus"}}
{"__type":"$$EventMessageAudit","id":"af25324b-d421-49b9-a8e0-7c21c1fb0ac4","ts":"2026-04-08T03:13:37.673-04:00","eventName":"n8n.audit.workflow.updated","message":"n8n.audit.workflow.updated","payload":{"userId":"c3fbd19f-321c-46eb-868d-7c86f2ecf09e","_email":"ivan.duque@imagineapps.co","_firstName":"Ivan","_lastName":"Duque","globalRole":"global:owner","workflowId":"6kNka3VEj4uSHtPA","workflowName":"Challenge_1"}}
{"__type":"$$EventMessageConfirm","confirm":"af25324b-d421-49b9-a8e0-7c21c1fb0ac4","ts":"2026-04-08T03:13:37.673-04:00","source":{"id":"0","name":"eventBus"}}
{"__type":"$$EventMessageAudit","id":"0bf4267a-34f5-49b1-942e-e82919313414","ts":"2026-04-08T03:13:40.353-04:00","eventName":"n8n.audit.workflow.updated","message":"n8n.audit.workflow.updated","payload":{"userId":"c3fbd19f-321c-46eb-868d-7c86f2ecf09e","_email":"ivan.duque@imagineapps.co","_firstName":"Ivan","_lastName":"Duque","globalRole":"global:owner","workflowId":"6kNka3VEj4uSHtPA","workflowName":"Challenge_1"}}
{"__type":"$$EventMessageConfirm","confirm":"0bf4267a-34f5-49b1-942e-e82919313414","ts":"2026-04-08T03:13:40.353-04:00","source":{"id":"0","name":"eventBus"}}
{"__type":"$$EventMessageAudit","id":"d3079554-25fb-4bd1-aa8f-10d0adc228f7","ts":"2026-04-08T03:13:48.293-04:00","eventName":"n8n.audit.workflow.updated","message":"n8n.audit.workflow.updated","payload":{"userId":"c3fbd19f-321c-46eb-868d-7c86f2ecf09e","_email":"ivan.duque@imagineapps.co","_firstName":"Ivan","_lastName":"Duque","globalRole":"global:owner","workflowId":"6kNka3VEj4uSHtPA","workflowName":"challenge_1"}}
{"__type":"$$EventMessageConfirm","confirm":"d3079554-25fb-4bd1-aa8f-10d0adc228f7","ts":"2026-04-08T03:13:48.293-04:00","source":{"id":"0","name":"eventBus"}}
{"__type":"$$EventMessageAudit","id":"4535650d-d683-4df1-ac54-78c5d817bd64","ts":"2026-04-08T03:15:19.093-04:00","eventName":"n8n.audit.workflow.activated","message":"n8n.audit.workflow.activated","payload":{"userId":"c3fbd19f-321c-46eb-868d-7c86f2ecf09e","_email":"ivan.duque@imagineapps.co","_firstName":"Ivan","_lastName":"Duque","globalRole":"global:owner","workflowId":"6kNka3VEj4uSHtPA","workflowName":"challenge_1","activeVersionId":"169689c0-7b4a-4a58-8115-9b7a39c9ddf2"}}
{"__type":"$$EventMessageConfirm","confirm":"4535650d-d683-4df1-ac54-78c5d817bd64","ts":"2026-04-08T03:15:19.093-04:00","source":{"id":"0","name":"eventBus"}}
{"__type":"$$EventMessageAudit","id":"bcce31d2-57e2-4c86-9554-42977d2be108","ts":"2026-04-08T03:16:14.535-04:00","eventName":"n8n.audit.workflow.updated","message":"n8n.audit.workflow.updated","payload":{"userId":"c3fbd19f-321c-46eb-868d-7c86f2ecf09e","_email":"ivan.duque@imagineapps.co","_firstName":"Ivan","_lastName":"Duque","globalRole":"global:owner","workflowId":"6kNka3VEj4uSHtPA","workflowName":"challenge_1","settingsChanged":{"timeSavedMode":{"from":null,"to":"fixed"},"callerPolicy":{"from":null,"to":"workflowsFromSameOwner"},"availableInMCP":{"from":null,"to":false}}}}
{"__type":"$$EventMessageConfirm","confirm":"bcce31d2-57e2-4c86-9554-42977d2be108","ts":"2026-04-08T03:16:14.535-04:00","source":{"id":"0","name":"eventBus"}}
{"__type":"$$EventMessageAudit","id":"285278a0-e570-4d7e-9597-3e33d8a3baf7","ts":"2026-04-08T03:16:14.582-04:00","eventName":"n8n.audit.workflow.deactivated","message":"n8n.audit.workflow.deactivated","payload":{"userId":"c3fbd19f-321c-46eb-868d-7c86f2ecf09e","_email":"ivan.duque@imagineapps.co","_firstName":"Ivan","_lastName":"Duque","globalRole":"global:owner","workflowId":"6kNka3VEj4uSHtPA","workflowName":"challenge_1","deactivatedVersionId":"169689c0-7b4a-4a58-8115-9b7a39c9ddf2"}}
{"__type":"$$EventMessageConfirm","confirm":"285278a0-e570-4d7e-9597-3e33d8a3baf7","ts":"2026-04-08T03:16:14.583-04:00","source":{"id":"0","name":"eventBus"}}
{"__type":"$$EventMessageAudit","id":"526e6cb5-3db2-4e43-91fa-375b35583231","ts":"2026-04-08T03:16:14.620-04:00","eventName":"n8n.audit.workflow.activated","message":"n8n.audit.workflow.activated","payload":{"userId":"c3fbd19f-321c-46eb-868d-7c86f2ecf09e","_email":"ivan.duque@imagineapps.co","_firstName":"Ivan","_lastName":"Duque","globalRole":"global:owner","workflowId":"6kNka3VEj4uSHtPA","workflowName":"challenge_1","activeVersionId":"169689c0-7b4a-4a58-8115-9b7a39c9ddf2"}}
{"__type":"$$EventMessageConfirm","confirm":"526e6cb5-3db2-4e43-91fa-375b35583231","ts":"2026-04-08T03:16:14.620-04:00","source":{"id":"0","name":"eventBus"}}
{"__type":"$$EventMessageAudit","id":"802fe964-acd9-4171-b09e-482b4e12ffb0","ts":"2026-04-08T03:16:54.924-04:00","eventName":"n8n.audit.workflow.deactivated","message":"n8n.audit.workflow.deactivated","payload":{"userId":"c3fbd19f-321c-46eb-868d-7c86f2ecf09e","_email":"ivan.duque@imagineapps.co","_firstName":"Ivan","_lastName":"Duque","globalRole":"global:owner","workflowId":"6kNka3VEj4uSHtPA","workflowName":"challenge_1","deactivatedVersionId":"169689c0-7b4a-4a58-8115-9b7a39c9ddf2"}}
{"__type":"$$EventMessageConfirm","confirm":"802fe964-acd9-4171-b09e-482b4e12ffb0","ts":"2026-04-08T03:16:54.924-04:00","source":{"id":"0","name":"eventBus"}}
{"__type":"$$EventMessageAudit","id":"8d2587fd-007c-4e9c-88a6-d453d429f844","ts":"2026-04-08T03:19:20.719-04:00","eventName":"n8n.audit.workflow.activated","message":"n8n.audit.workflow.activated","payload":{"userId":"c3fbd19f-321c-46eb-868d-7c86f2ecf09e","_email":"ivan.duque@imagineapps.co","_firstName":"Ivan","_lastName":"Duque","globalRole":"global:owner","workflowId":"6kNka3VEj4uSHtPA","workflowName":"challenge_1","activeVersionId":"169689c0-7b4a-4a58-8115-9b7a39c9ddf2"}}
{"__type":"$$EventMessageConfirm","confirm":"8d2587fd-007c-4e9c-88a6-d453d429f844","ts":"2026-04-08T03:19:20.719-04:00","source":{"id":"0","name":"eventBus"}}
{"__type":"$$EventMessageWorkflow","id":"c867c449-2f20-4bed-98b9-13698ad55a78","ts":"2026-04-08T03:19:34.326-04:00","eventName":"n8n.workflow.started","message":"n8n.workflow.started","payload":{"executionId":"56","workflowId":"6kNka3VEj4uSHtPA","isManual":false,"mode":"trigger","workflowName":"challenge_1"}}
{"__type":"$$EventMessageConfirm","confirm":"c867c449-2f20-4bed-98b9-13698ad55a78","ts":"2026-04-08T03:19:34.326-04:00","source":{"id":"0","name":"eventBus"}}
{"__type":"$$EventMessageAudit","id":"cc443e6c-9020-46a9-88d1-527f991c2bd6","ts":"2026-04-08T03:19:34.326-04:00","eventName":"n8n.audit.workflow.executed","message":"n8n.audit.workflow.executed","payload":{"workflowId":"6kNka3VEj4uSHtPA","workflowName":"challenge_1","executionId":"56","source":"trigger"}}
{"__type":"$$EventMessageConfirm","confirm":"cc443e6c-9020-46a9-88d1-527f991c2bd6","ts":"2026-04-08T03:19:34.326-04:00","source":{"id":"0","name":"eventBus"}}
{"__type":"$$EventMessageNode","id":"99b83e58-bb4a-4a5d-b933-6ee0978f3dc7","ts":"2026-04-08T03:19:34.326-04:00","eventName":"n8n.node.started","message":"n8n.node.started","payload":{"workflowId":"6kNka3VEj4uSHtPA","workflowName":"challenge_1","executionId":"56","nodeType":"n8n-nodes-base.postgresTrigger","nodeName":"Postgres Trigger","nodeId":"f75f3f76-7c21-402b-a43b-5a879b710dfe"}}
{"__type":"$$EventMessageConfirm","confirm":"99b83e58-bb4a-4a5d-b933-6ee0978f3dc7","ts":"2026-04-08T03:19:34.326-04:00","source":{"id":"0","name":"eventBus"}}
{"__type":"$$EventMessageNode","id":"4cc9abba-378d-4b33-ad17-f1c378d3b420","ts":"2026-04-08T03:19:34.327-04:00","eventName":"n8n.node.finished","message":"n8n.node.finished","payload":{"workflowId":"6kNka3VEj4uSHtPA","workflowName":"challenge_1","executionId":"56","nodeType":"n8n-nodes-base.postgresTrigger","nodeName":"Postgres Trigger","nodeId":"f75f3f76-7c21-402b-a43b-5a879b710dfe"}}
{"__type":"$$EventMessageConfirm","confirm":"4cc9abba-378d-4b33-ad17-f1c378d3b420","ts":"2026-04-08T03:19:34.327-04:00","source":{"id":"0","name":"eventBus"}}
{"__type":"$$EventMessageNode","id":"e3fcad23-d934-40ca-9a1b-f870e7e6195c","ts":"2026-04-08T03:19:34.327-04:00","eventName":"n8n.node.started","message":"n8n.node.started","payload":{"workflowId":"6kNka3VEj4uSHtPA","workflowName":"challenge_1","executionId":"56","nodeType":"n8n-nodes-base.httpRequest","nodeName":"HTTP Request","nodeId":"03b9fc8d-2cc2-4f83-903f-122e25ab4d73"}}
{"__type":"$$EventMessageConfirm","confirm":"e3fcad23-d934-40ca-9a1b-f870e7e6195c","ts":"2026-04-08T03:19:34.327-04:00","source":{"id":"0","name":"eventBus"}}
{"__type":"$$EventMessageNode","id":"e737c4d3-6582-4a75-a8a8-ea00c6f741f8","ts":"2026-04-08T03:19:34.341-04:00","eventName":"n8n.node.finished","message":"n8n.node.finished","payload":{"workflowId":"6kNka3VEj4uSHtPA","workflowName":"challenge_1","executionId":"56","nodeType":"n8n-nodes-base.httpRequest","nodeName":"HTTP Request","nodeId":"03b9fc8d-2cc2-4f83-903f-122e25ab4d73"}}
{"__type":"$$EventMessageConfirm","confirm":"e737c4d3-6582-4a75-a8a8-ea00c6f741f8","ts":"2026-04-08T03:19:34.341-04:00","source":{"id":"0","name":"eventBus"}}
{"__type":"$$EventMessageNode","id":"e299ac8b-c637-42f9-86c3-d38b31872d9e","ts":"2026-04-08T03:19:34.342-04:00","eventName":"n8n.node.started","message":"n8n.node.started","payload":{"workflowId":"6kNka3VEj4uSHtPA","workflowName":"challenge_1","executionId":"56","nodeType":"n8n-nodes-base.switch","nodeName":"Switch","nodeId":"665fbcb0-6165-47cc-b5ed-3f71ce7d94c7"}}
{"__type":"$$EventMessageConfirm","confirm":"e299ac8b-c637-42f9-86c3-d38b31872d9e","ts":"2026-04-08T03:19:34.342-04:00","source":{"id":"0","name":"eventBus"}}
{"__type":"$$EventMessageNode","id":"03308dbf-0f0f-44a3-a9ac-e107f886409f","ts":"2026-04-08T03:19:34.345-04:00","eventName":"n8n.node.finished","message":"n8n.node.finished","payload":{"workflowId":"6kNka3VEj4uSHtPA","workflowName":"challenge_1","executionId":"56","nodeType":"n8n-nodes-base.switch","nodeName":"Switch","nodeId":"665fbcb0-6165-47cc-b5ed-3f71ce7d94c7"}}
{"__type":"$$EventMessageConfirm","confirm":"03308dbf-0f0f-44a3-a9ac-e107f886409f","ts":"2026-04-08T03:19:34.345-04:00","source":{"id":"0","name":"eventBus"}}
{"__type":"$$EventMessageNode","id":"8c2361ca-e143-4934-8d66-6dfeeb65da17","ts":"2026-04-08T03:19:34.346-04:00","eventName":"n8n.node.started","message":"n8n.node.started","payload":{"workflowId":"6kNka3VEj4uSHtPA","workflowName":"challenge_1","executionId":"56","nodeType":"n8n-nodes-base.twilio","nodeName":"Send an SMS/MMS/WhatsApp message","nodeId":"669a944b-d53a-4503-87c2-c5d1ec4e3092"}}
{"__type":"$$EventMessageConfirm","confirm":"8c2361ca-e143-4934-8d66-6dfeeb65da17","ts":"2026-04-08T03:19:34.346-04:00","source":{"id":"0","name":"eventBus"}}
{"__type":"$$EventMessageNode","id":"d15bfac5-d68c-456e-a9e3-c8bf0364968f","ts":"2026-04-08T03:19:34.732-04:00","eventName":"n8n.node.finished","message":"n8n.node.finished","payload":{"workflowId":"6kNka3VEj4uSHtPA","workflowName":"challenge_1","executionId":"56","nodeType":"n8n-nodes-base.twilio","nodeName":"Send an SMS/MMS/WhatsApp message","nodeId":"669a944b-d53a-4503-87c2-c5d1ec4e3092"}}
{"__type":"$$EventMessageConfirm","confirm":"d15bfac5-d68c-456e-a9e3-c8bf0364968f","ts":"2026-04-08T03:19:34.733-04:00","source":{"id":"0","name":"eventBus"}}
{"__type":"$$EventMessageWorkflow","id":"16a9ee78-1666-4b66-a049-b083df8fd5b1","ts":"2026-04-08T03:19:34.733-04:00","eventName":"n8n.workflow.success","message":"n8n.workflow.success","payload":{"executionId":"56","success":true,"isManual":false,"mode":"trigger","workflowId":"6kNka3VEj4uSHtPA","workflowName":"challenge_1"}}
{"__type":"$$EventMessageConfirm","confirm":"16a9ee78-1666-4b66-a049-b083df8fd5b1","ts":"2026-04-08T03:19:34.733-04:00","source":{"id":"0","name":"eventBus"}}
{"__type":"$$EventMessageAudit","id":"da839769-353d-4c84-89c0-cf4f9f71306c","ts":"2026-04-08T03:19:46.504-04:00","eventName":"n8n.audit.workflow.deactivated","message":"n8n.audit.workflow.deactivated","payload":{"userId":"c3fbd19f-321c-46eb-868d-7c86f2ecf09e","_email":"ivan.duque@imagineapps.co","_firstName":"Ivan","_lastName":"Duque","globalRole":"global:owner","workflowId":"6kNka3VEj4uSHtPA","workflowName":"challenge_1","deactivatedVersionId":"169689c0-7b4a-4a58-8115-9b7a39c9ddf2"}}
{"__type":"$$EventMessageConfirm","confirm":"da839769-353d-4c84-89c0-cf4f9f71306c","ts":"2026-04-08T03:19:46.505-04:00","source":{"id":"0","name":"eventBus"}}
