{"__type":"$$EventMessageWorkflow","id":"18fa9819-d48b-4125-a7e9-1fd1bfc254ed","ts":"2026-04-08T07:27:29.902+00:00","eventName":"n8n.workflow.started","message":"n8n.workflow.started","payload":{"executionId":"122","workflowId":"6kNka3VEj4uSHtPA","isManual":false,"mode":"trigger","workflowName":"challenge_1"}}
{"__type":"$$EventMessageConfirm","confirm":"18fa9819-d48b-4125-a7e9-1fd1bfc254ed","ts":"2026-04-08T07:27:29.903+00:00","source":{"id":"0","name":"eventBus"}}
{"__type":"$$EventMessageAudit","id":"d9611745-65e9-4090-afcc-e0cdf60b8d94","ts":"2026-04-08T07:27:29.903+00:00","eventName":"n8n.audit.workflow.executed","message":"n8n.audit.workflow.executed","payload":{"workflowId":"6kNka3VEj4uSHtPA","workflowName":"challenge_1","executionId":"122","source":"trigger"}}
{"__type":"$$EventMessageConfirm","confirm":"d9611745-65e9-4090-afcc-e0cdf60b8d94","ts":"2026-04-08T07:27:29.903+00:00","source":{"id":"0","name":"eventBus"}}
{"__type":"$$EventMessageNode","id":"b17708d0-05bf-4aa9-812e-a97af0cca2bd","ts":"2026-04-08T07:27:29.904+00:00","eventName":"n8n.node.started","message":"n8n.node.started","payload":{"workflowId":"6kNka3VEj4uSHtPA","workflowName":"challenge_1","executionId":"122","nodeType":"n8n-nodes-base.postgresTrigger","nodeName":"Postgres Trigger","nodeId":"f75f3f76-7c21-402b-a43b-5a879b710dfe"}}
{"__type":"$$EventMessageConfirm","confirm":"b17708d0-05bf-4aa9-812e-a97af0cca2bd","ts":"2026-04-08T07:27:29.904+00:00","source":{"id":"0","name":"eventBus"}}
{"__type":"$$EventMessageNode","id":"0df32e9d-1037-4c13-ba9f-d9fb1ef2e801","ts":"2026-04-08T07:27:29.906+00:00","eventName":"n8n.node.finished","message":"n8n.node.finished","payload":{"workflowId":"6kNka3VEj4uSHtPA","workflowName":"challenge_1","executionId":"122","nodeType":"n8n-nodes-base.postgresTrigger","nodeName":"Postgres Trigger","nodeId":"f75f3f76-7c21-402b-a43b-5a879b710dfe"}}
{"__type":"$$EventMessageConfirm","confirm":"0df32e9d-1037-4c13-ba9f-d9fb1ef2e801","ts":"2026-04-08T07:27:29.906+00:00","source":{"id":"0","name":"eventBus"}}
{"__type":"$$EventMessageNode","id":"715958fd-e459-4b69-848b-680c8f770f76","ts":"2026-04-08T07:27:29.906+00:00","eventName":"n8n.node.started","message":"n8n.node.started","payload":{"workflowId":"6kNka3VEj4uSHtPA","workflowName":"challenge_1","executionId":"122","nodeType":"n8n-nodes-base.httpRequest","nodeName":"HTTP Request","nodeId":"03b9fc8d-2cc2-4f83-903f-122e25ab4d73"}}
{"__type":"$$EventMessageConfirm","confirm":"715958fd-e459-4b69-848b-680c8f770f76","ts":"2026-04-08T07:27:29.906+00:00","source":{"id":"0","name":"eventBus"}}
{"__type":"$$EventMessageNode","id":"d8b5b864-ca11-4e64-a4f3-22b763e1714b","ts":"2026-04-08T03:27:29.987-04:00","eventName":"n8n.node.finished","message":"n8n.node.finished","payload":{"workflowId":"6kNka3VEj4uSHtPA","workflowName":"challenge_1","executionId":"122","nodeType":"n8n-nodes-base.httpRequest","nodeName":"HTTP Request","nodeId":"03b9fc8d-2cc2-4f83-903f-122e25ab4d73"}}
{"__type":"$$EventMessageConfirm","confirm":"d8b5b864-ca11-4e64-a4f3-22b763e1714b","ts":"2026-04-08T03:27:29.987-04:00","source":{"id":"0","name":"eventBus"}}
{"__type":"$$EventMessageNode","id":"9fe04416-9ba8-498c-b12f-f0b6ce45e6fa","ts":"2026-04-08T03:27:29.988-04:00","eventName":"n8n.node.started","message":"n8n.node.started","payload":{"workflowId":"6kNka3VEj4uSHtPA","workflowName":"challenge_1","executionId":"122","nodeType":"n8n-nodes-base.switch","nodeName":"Switch","nodeId":"665fbcb0-6165-47cc-b5ed-3f71ce7d94c7"}}
{"__type":"$$EventMessageConfirm","confirm":"9fe04416-9ba8-498c-b12f-f0b6ce45e6fa","ts":"2026-04-08T03:27:29.988-04:00","source":{"id":"0","name":"eventBus"}}
{"__type":"$$EventMessageNode","id":"1d85f3ef-4c26-4daa-8ffa-10e1a22aad5f","ts":"2026-04-08T03:27:29.997-04:00","eventName":"n8n.node.finished","message":"n8n.node.finished","payload":{"workflowId":"6kNka3VEj4uSHtPA","workflowName":"challenge_1","executionId":"122","nodeType":"n8n-nodes-base.switch","nodeName":"Switch","nodeId":"665fbcb0-6165-47cc-b5ed-3f71ce7d94c7"}}
{"__type":"$$EventMessageConfirm","confirm":"1d85f3ef-4c26-4daa-8ffa-10e1a22aad5f","ts":"2026-04-08T03:27:29.997-04:00","source":{"id":"0","name":"eventBus"}}
{"__type":"$$EventMessageWorkflow","id":"936edab2-dc01-433d-9763-222ed08aebf4","ts":"2026-04-08T03:27:29.998-04:00","eventName":"n8n.workflow.success","message":"n8n.workflow.success","payload":{"executionId":"122","success":true,"isManual":false,"mode":"trigger","workflowId":"6kNka3VEj4uSHtPA","workflowName":"challenge_1"}}
{"__type":"$$EventMessageConfirm","confirm":"936edab2-dc01-433d-9763-222ed08aebf4","ts":"2026-04-08T03:27:29.999-04:00","source":{"id":"0","name":"eventBus"}}
{"__type":"$$EventMessageWorkflow","id":"05284fc3-547d-4a4b-b656-f3bd96dd9a2b","ts":"2026-04-08T03:27:58.020-04:00","eventName":"n8n.workflow.started","message":"n8n.workflow.started","payload":{"executionId":"123","workflowId":"6kNka3VEj4uSHtPA","isManual":false,"mode":"trigger","workflowName":"challenge_1"}}
{"__type":"$$EventMessageConfirm","confirm":"05284fc3-547d-4a4b-b656-f3bd96dd9a2b","ts":"2026-04-08T03:27:58.020-04:00","source":{"id":"0","name":"eventBus"}}
{"__type":"$$EventMessageAudit","id":"1781b7b6-d4cc-45a6-9fb5-3b4cdcbe67fc","ts":"2026-04-08T03:27:58.020-04:00","eventName":"n8n.audit.workflow.executed","message":"n8n.audit.workflow.executed","payload":{"workflowId":"6kNka3VEj4uSHtPA","workflowName":"challenge_1","executionId":"123","source":"trigger"}}
{"__type":"$$EventMessageConfirm","confirm":"1781b7b6-d4cc-45a6-9fb5-3b4cdcbe67fc","ts":"2026-04-08T03:27:58.020-04:00","source":{"id":"0","name":"eventBus"}}
{"__type":"$$EventMessageNode","id":"612fd89d-e9c7-4093-9747-dc5762cedd51","ts":"2026-04-08T03:27:58.021-04:00","eventName":"n8n.node.started","message":"n8n.node.started","payload":{"workflowId":"6kNka3VEj4uSHtPA","workflowName":"challenge_1","executionId":"123","nodeType":"n8n-nodes-base.postgresTrigger","nodeName":"Postgres Trigger","nodeId":"f75f3f76-7c21-402b-a43b-5a879b710dfe"}}
{"__type":"$$EventMessageConfirm","confirm":"612fd89d-e9c7-4093-9747-dc5762cedd51","ts":"2026-04-08T03:27:58.021-04:00","source":{"id":"0","name":"eventBus"}}
{"__type":"$$EventMessageNode","id":"68420899-9bda-439b-91e1-90212da57a5e","ts":"2026-04-08T03:27:58.021-04:00","eventName":"n8n.node.finished","message":"n8n.node.finished","payload":{"workflowId":"6kNka3VEj4uSHtPA","workflowName":"challenge_1","executionId":"123","nodeType":"n8n-nodes-base.postgresTrigger","nodeName":"Postgres Trigger","nodeId":"f75f3f76-7c21-402b-a43b-5a879b710dfe"}}
{"__type":"$$EventMessageConfirm","confirm":"68420899-9bda-439b-91e1-90212da57a5e","ts":"2026-04-08T03:27:58.021-04:00","source":{"id":"0","name":"eventBus"}}
{"__type":"$$EventMessageNode","id":"686de2b1-6967-41df-bb6c-be8c3f7ae92d","ts":"2026-04-08T03:27:58.021-04:00","eventName":"n8n.node.started","message":"n8n.node.started","payload":{"workflowId":"6kNka3VEj4uSHtPA","workflowName":"challenge_1","executionId":"123","nodeType":"n8n-nodes-base.httpRequest","nodeName":"HTTP Request","nodeId":"03b9fc8d-2cc2-4f83-903f-122e25ab4d73"}}
{"__type":"$$EventMessageConfirm","confirm":"686de2b1-6967-41df-bb6c-be8c3f7ae92d","ts":"2026-04-08T03:27:58.021-04:00","source":{"id":"0","name":"eventBus"}}
{"__type":"$$EventMessageNode","id":"df4564b0-f4ab-4d27-8fef-1577e52931cc","ts":"2026-04-08T03:27:58.036-04:00","eventName":"n8n.node.finished","message":"n8n.node.finished","payload":{"workflowId":"6kNka3VEj4uSHtPA","workflowName":"challenge_1","executionId":"123","nodeType":"n8n-nodes-base.httpRequest","nodeName":"HTTP Request","nodeId":"03b9fc8d-2cc2-4f83-903f-122e25ab4d73"}}
{"__type":"$$EventMessageConfirm","confirm":"df4564b0-f4ab-4d27-8fef-1577e52931cc","ts":"2026-04-08T03:27:58.036-04:00","source":{"id":"0","name":"eventBus"}}
{"__type":"$$EventMessageNode","id":"d995b5c5-b783-4307-a546-18a28f3acd4f","ts":"2026-04-08T03:27:58.036-04:00","eventName":"n8n.node.started","message":"n8n.node.started","payload":{"workflowId":"6kNka3VEj4uSHtPA","workflowName":"challenge_1","executionId":"123","nodeType":"n8n-nodes-base.switch","nodeName":"Switch","nodeId":"665fbcb0-6165-47cc-b5ed-3f71ce7d94c7"}}
{"__type":"$$EventMessageConfirm","confirm":"d995b5c5-b783-4307-a546-18a28f3acd4f","ts":"2026-04-08T03:27:58.036-04:00","source":{"id":"0","name":"eventBus"}}
{"__type":"$$EventMessageNode","id":"d2f6e44e-6b9b-4d6a-a49e-cb5f8bcce7bd","ts":"2026-04-08T03:27:58.039-04:00","eventName":"n8n.node.finished","message":"n8n.node.finished","payload":{"workflowId":"6kNka3VEj4uSHtPA","workflowName":"challenge_1","executionId":"123","nodeType":"n8n-nodes-base.switch","nodeName":"Switch","nodeId":"665fbcb0-6165-47cc-b5ed-3f71ce7d94c7"}}
{"__type":"$$EventMessageConfirm","confirm":"d2f6e44e-6b9b-4d6a-a49e-cb5f8bcce7bd","ts":"2026-04-08T03:27:58.039-04:00","source":{"id":"0","name":"eventBus"}}
{"__type":"$$EventMessageNode","id":"fa0a554c-586f-4fd3-9cc4-f7ab7567fb77","ts":"2026-04-08T03:27:58.039-04:00","eventName":"n8n.node.started","message":"n8n.node.started","payload":{"workflowId":"6kNka3VEj4uSHtPA","workflowName":"challenge_1","executionId":"123","nodeType":"n8n-nodes-base.twilio","nodeName":"Send an SMS/MMS/WhatsApp message","nodeId":"669a944b-d53a-4503-87c2-c5d1ec4e3092"}}
{"__type":"$$EventMessageConfirm","confirm":"fa0a554c-586f-4fd3-9cc4-f7ab7567fb77","ts":"2026-04-08T03:27:58.040-04:00","source":{"id":"0","name":"eventBus"}}
{"__type":"$$EventMessageNode","id":"6e9231f3-ffb8-4977-8f4e-c59de04eaf17","ts":"2026-04-08T03:27:58.875-04:00","eventName":"n8n.node.finished","message":"n8n.node.finished","payload":{"workflowId":"6kNka3VEj4uSHtPA","workflowName":"challenge_1","executionId":"123","nodeType":"n8n-nodes-base.twilio","nodeName":"Send an SMS/MMS/WhatsApp message","nodeId":"669a944b-d53a-4503-87c2-c5d1ec4e3092"}}
{"__type":"$$EventMessageConfirm","confirm":"6e9231f3-ffb8-4977-8f4e-c59de04eaf17","ts":"2026-04-08T03:27:58.876-04:00","source":{"id":"0","name":"eventBus"}}
{"__type":"$$EventMessageWorkflow","id":"e9476fe5-1e75-43e3-b123-b20c43520c14","ts":"2026-04-08T03:27:58.876-04:00","eventName":"n8n.workflow.failed","message":"n8n.workflow.failed","payload":{"executionId":"123","success":false,"isManual":false,"mode":"trigger","workflowId":"6kNka3VEj4uSHtPA","workflowName":"challenge_1","lastNodeExecuted":"Send an SMS/MMS/WhatsApp message","errorNodeType":"n8n-nodes-base.twilio","errorMessage":"The service is receiving too many requests from you"}}
{"__type":"$$EventMessageConfirm","confirm":"e9476fe5-1e75-43e3-b123-b20c43520c14","ts":"2026-04-08T03:27:58.876-04:00","source":{"id":"0","name":"eventBus"}}
{"__type":"$$EventMessageAudit","id":"8df841b6-b2b0-40bb-a34b-13e9d2da1d0d","ts":"2026-04-08T03:28:09.081-04:00","eventName":"n8n.audit.workflow.deactivated","message":"n8n.audit.workflow.deactivated","payload":{"userId":"c3fbd19f-321c-46eb-868d-7c86f2ecf09e","_email":"ivan.duque@imagineapps.co","_firstName":"Ivan","_lastName":"Duque","globalRole":"global:owner","workflowId":"6kNka3VEj4uSHtPA","workflowName":"challenge_1","deactivatedVersionId":"169689c0-7b4a-4a58-8115-9b7a39c9ddf2"}}
{"__type":"$$EventMessageConfirm","confirm":"8df841b6-b2b0-40bb-a34b-13e9d2da1d0d","ts":"2026-04-08T03:28:09.082-04:00","source":{"id":"0","name":"eventBus"}}
{"__type":"$$EventMessageWorkflow","id":"0e2290a4-ecd0-4449-bc0e-b842c4b41468","ts":"2026-04-08T03:28:12.252-04:00","eventName":"n8n.workflow.started","message":"n8n.workflow.started","payload":{"executionId":"124","workflowId":"6kNka3VEj4uSHtPA","isManual":false,"mode":"manual","workflowName":"challenge_1"}}
{"__type":"$$EventMessageConfirm","confirm":"0e2290a4-ecd0-4449-bc0e-b842c4b41468","ts":"2026-04-08T03:28:12.252-04:00","source":{"id":"0","name":"eventBus"}}
{"__type":"$$EventMessageAudit","id":"5cfef656-34f6-4325-9cc4-8f4731a73d83","ts":"2026-04-08T03:28:12.253-04:00","eventName":"n8n.audit.workflow.executed","message":"n8n.audit.workflow.executed","payload":{"userId":"c3fbd19f-321c-46eb-868d-7c86f2ecf09e","_email":"ivan.duque@imagineapps.co","_firstName":"Ivan","_lastName":"Duque","globalRole":"global:owner","workflowId":"6kNka3VEj4uSHtPA","workflowName":"challenge_1","executionId":"124","source":"user-manual"}}
{"__type":"$$EventMessageConfirm","confirm":"5cfef656-34f6-4325-9cc4-8f4731a73d83","ts":"2026-04-08T03:28:12.254-04:00","source":{"id":"0","name":"eventBus"}}
{"__type":"$$EventMessageNode","id":"a14ec406-9c84-4a91-a3ba-3774c2272a76","ts":"2026-04-08T03:28:12.268-04:00","eventName":"n8n.node.started","message":"n8n.node.started","payload":{"workflowId":"6kNka3VEj4uSHtPA","workflowName":"challenge_1","executionId":"124","nodeType":"n8n-nodes-base.postgresTrigger","nodeName":"Postgres Trigger","nodeId":"f75f3f76-7c21-402b-a43b-5a879b710dfe"}}
{"__type":"$$EventMessageConfirm","confirm":"a14ec406-9c84-4a91-a3ba-3774c2272a76","ts":"2026-04-08T03:28:12.268-04:00","source":{"id":"0","name":"eventBus"}}
{"__type":"$$EventMessageNode","id":"8d29876f-e814-46d9-b919-b774e6f68c81","ts":"2026-04-08T03:28:18.612-04:00","eventName":"n8n.node.finished","message":"n8n.node.finished","payload":{"workflowId":"6kNka3VEj4uSHtPA","workflowName":"challenge_1","executionId":"124","nodeType":"n8n-nodes-base.postgresTrigger","nodeName":"Postgres Trigger","nodeId":"f75f3f76-7c21-402b-a43b-5a879b710dfe"}}
{"__type":"$$EventMessageConfirm","confirm":"8d29876f-e814-46d9-b919-b774e6f68c81","ts":"2026-04-08T03:28:18.613-04:00","source":{"id":"0","name":"eventBus"}}
{"__type":"$$EventMessageNode","id":"0ba81b56-bbc2-481c-8e94-c354e28eb686","ts":"2026-04-08T03:28:18.616-04:00","eventName":"n8n.node.started","message":"n8n.node.started","payload":{"workflowId":"6kNka3VEj4uSHtPA","workflowName":"challenge_1","executionId":"124","nodeType":"n8n-nodes-base.httpRequest","nodeName":"HTTP Request","nodeId":"03b9fc8d-2cc2-4f83-903f-122e25ab4d73"}}
{"__type":"$$EventMessageConfirm","confirm":"0ba81b56-bbc2-481c-8e94-c354e28eb686","ts":"2026-04-08T03:28:18.616-04:00","source":{"id":"0","name":"eventBus"}}
{"__type":"$$EventMessageNode","id":"4670b7b7-2324-4f0b-86df-193230842c40","ts":"2026-04-08T03:28:18.631-04:00","eventName":"n8n.node.finished","message":"n8n.node.finished","payload":{"workflowId":"6kNka3VEj4uSHtPA","workflowName":"challenge_1","executionId":"124","nodeType":"n8n-nodes-base.httpRequest","nodeName":"HTTP Request","nodeId":"03b9fc8d-2cc2-4f83-903f-122e25ab4d73"}}
{"__type":"$$EventMessageConfirm","confirm":"4670b7b7-2324-4f0b-86df-193230842c40","ts":"2026-04-08T03:28:18.632-04:00","source":{"id":"0","name":"eventBus"}}
{"__type":"$$EventMessageNode","id":"52c11968-88b7-4f97-824f-d38782359ec5","ts":"2026-04-08T03:28:18.634-04:00","eventName":"n8n.node.started","message":"n8n.node.started","payload":{"workflowId":"6kNka3VEj4uSHtPA","workflowName":"challenge_1","executionId":"124","nodeType":"n8n-nodes-base.switch","nodeName":"Switch","nodeId":"665fbcb0-6165-47cc-b5ed-3f71ce7d94c7"}}
{"__type":"$$EventMessageConfirm","confirm":"52c11968-88b7-4f97-824f-d38782359ec5","ts":"2026-04-08T03:28:18.634-04:00","source":{"id":"0","name":"eventBus"}}
{"__type":"$$EventMessageNode","id":"c1e712a4-671c-47f0-89ef-24dcb3695b7a","ts":"2026-04-08T03:28:18.639-04:00","eventName":"n8n.node.finished","message":"n8n.node.finished","payload":{"workflowId":"6kNka3VEj4uSHtPA","workflowName":"challenge_1","executionId":"124","nodeType":"n8n-nodes-base.switch","nodeName":"Switch","nodeId":"665fbcb0-6165-47cc-b5ed-3f71ce7d94c7"}}
{"__type":"$$EventMessageConfirm","confirm":"c1e712a4-671c-47f0-89ef-24dcb3695b7a","ts":"2026-04-08T03:28:18.639-04:00","source":{"id":"0","name":"eventBus"}}
{"__type":"$$EventMessageNode","id":"59edf521-cdb0-4fd6-bc92-9e9852a20c94","ts":"2026-04-08T03:28:18.640-04:00","eventName":"n8n.node.started","message":"n8n.node.started","payload":{"workflowId":"6kNka3VEj4uSHtPA","workflowName":"challenge_1","executionId":"124","nodeType":"n8n-nodes-base.twilio","nodeName":"Send an SMS/MMS/WhatsApp message","nodeId":"669a944b-d53a-4503-87c2-c5d1ec4e3092"}}
{"__type":"$$EventMessageConfirm","confirm":"59edf521-cdb0-4fd6-bc92-9e9852a20c94","ts":"2026-04-08T03:28:18.641-04:00","source":{"id":"0","name":"eventBus"}}
{"__type":"$$EventMessageNode","id":"5aab492e-1725-48ed-a312-6b0d75e2ee44","ts":"2026-04-08T03:28:18.959-04:00","eventName":"n8n.node.finished","message":"n8n.node.finished","payload":{"workflowId":"6kNka3VEj4uSHtPA","workflowName":"challenge_1","executionId":"124","nodeType":"n8n-nodes-base.twilio","nodeName":"Send an SMS/MMS/WhatsApp message","nodeId":"669a944b-d53a-4503-87c2-c5d1ec4e3092"}}
{"__type":"$$EventMessageConfirm","confirm":"5aab492e-1725-48ed-a312-6b0d75e2ee44","ts":"2026-04-08T03:28:18.959-04:00","source":{"id":"0","name":"eventBus"}}
{"__type":"$$EventMessageWorkflow","id":"5792c335-9f79-44c5-adea-d431184a3135","ts":"2026-04-08T03:28:18.964-04:00","eventName":"n8n.workflow.failed","message":"n8n.workflow.failed","payload":{"userId":"c3fbd19f-321c-46eb-868d-7c86f2ecf09e","executionId":"124","success":false,"isManual":true,"mode":"manual","workflowId":"6kNka3VEj4uSHtPA","workflowName":"challenge_1","lastNodeExecuted":"Send an SMS/MMS/WhatsApp message","errorNodeType":"n8n-nodes-base.twilio","errorMessage":"The service is receiving too many requests from you"}}
{"__type":"$$EventMessageConfirm","confirm":"5792c335-9f79-44c5-adea-d431184a3135","ts":"2026-04-08T03:28:18.964-04:00","source":{"id":"0","name":"eventBus"}}
